{"/home/zerh/projects/project_sirene/entreprise.data.gouv.fr/src/constants.js": {"path":"/home/zerh/projects/project_sirene/entreprise.data.gouv.fr/src/constants.js","statementMap":{},"fnMap":{},"branchMap":{},"s":{},"f":{},"b":{},"_coverageSchema":"332fd63041d2c1bcb487cc26dd0d5f7d97098a6c","hash":"a6d11a523b823bab08a762115c97da6fc7f4173d"}
,"/home/zerh/projects/project_sirene/entreprise.data.gouv.fr/src/components/ApiDoc.vue": {"path":"/home/zerh/projects/project_sirene/entreprise.data.gouv.fr/src/components/ApiDoc.vue","statementMap":{"0":{"start":{"line":11,"column":0},"end":{"line":null,"column":-1}},"1":{"start":{"line":12,"column":0},"end":{"line":null,"column":-1}},"2":{"start":{"line":13,"column":0},"end":{"line":null,"column":-1}},"3":{"start":{"line":14,"column":0},"end":{"line":null,"column":-1}}},"fnMap":{},"branchMap":{},"s":{"0":1,"1":1,"2":1,"3":1},"f":{},"b":{}}
,"/home/zerh/projects/project_sirene/entreprise.data.gouv.fr/src/components/Etablissement.vue": {"path":"/home/zerh/projects/project_sirene/entreprise.data.gouv.fr/src/components/Etablissement.vue","statementMap":{"0":{"start":{"line":19,"column":0},"end":{"line":null,"column":-1}},"1":{"start":{"line":20,"column":0},"end":{"line":null,"column":-1}},"2":{"start":{"line":21,"column":0},"end":{"line":null,"column":-1}},"3":{"start":{"line":22,"column":0},"end":{"line":null,"column":-1}},"4":{"start":{"line":23,"column":0},"end":{"line":null,"column":-1}},"5":{"start":{"line":24,"column":0},"end":{"line":null,"column":-1}},"6":{"start":{"line":25,"column":0},"end":{"line":null,"column":-1}},"7":{"start":{"line":26,"column":0},"end":{"line":null,"column":-1}},"8":{"start":{"line":27,"column":0},"end":{"line":null,"column":-1}},"9":{"start":{"line":32,"column":0},"end":{"line":null,"column":-1}},"10":{"start":{"line":48,"column":0},"end":{"line":null,"column":-1}},"11":{"start":{"line":51,"column":0},"end":{"line":null,"column":-1}},"12":{"start":{"line":54,"column":0},"end":{"line":null,"column":-1}},"13":{"start":{"line":57,"column":0},"end":{"line":null,"column":-1}},"14":{"start":{"line":60,"column":0},"end":{"line":null,"column":-1}},"15":{"start":{"line":63,"column":0},"end":{"line":null,"column":-1}},"16":{"start":{"line":66,"column":0},"end":{"line":null,"column":-1}},"17":{"start":{"line":71,"column":0},"end":{"line":77,"column":0}},"18":{"start":{"line":72,"column":0},"end":{"line":null,"column":-1}},"19":{"start":{"line":73,"column":0},"end":{"line":77,"column":0}},"20":{"start":{"line":74,"column":0},"end":{"line":null,"column":-1}},"21":{"start":{"line":76,"column":0},"end":{"line":null,"column":-1}},"22":{"start":{"line":81,"column":0},"end":{"line":null,"column":-1}},"23":{"start":{"line":84,"column":0},"end":{"line":null,"column":-1}},"24":{"start":{"line":89,"column":0},"end":{"line":null,"column":-1}}},"fnMap":{"0":{"name":"metaInfo","decl":{"start":{"line":31,"column":0},"end":{"line":null,"column":-1}},"loc":{"start":{"line":31,"column":0},"end":{"line":35,"column":0}}},"1":{"name":"searchId","decl":{"start":{"line":47,"column":0},"end":{"line":null,"column":-1}},"loc":{"start":{"line":47,"column":0},"end":{"line":49,"column":0}}},"2":{"name":"isNotFound","decl":{"start":{"line":50,"column":0},"end":{"line":null,"column":-1}},"loc":{"start":{"line":50,"column":0},"end":{"line":52,"column":0}}},"3":{"name":"isError","decl":{"start":{"line":53,"column":0},"end":{"line":null,"column":-1}},"loc":{"start":{"line":53,"column":0},"end":{"line":55,"column":0}}},"4":{"name":"haveSireneInfo","decl":{"start":{"line":56,"column":0},"end":{"line":null,"column":-1}},"loc":{"start":{"line":56,"column":0},"end":{"line":58,"column":0}}},"5":{"name":"haveRNAInfo","decl":{"start":{"line":59,"column":0},"end":{"line":null,"column":-1}},"loc":{"start":{"line":59,"column":0},"end":{"line":61,"column":0}}},"6":{"name":"haveRNMInfo","decl":{"start":{"line":62,"column":0},"end":{"line":null,"column":-1}},"loc":{"start":{"line":62,"column":0},"end":{"line":64,"column":0}}},"7":{"name":"mainAPISLoading","decl":{"start":{"line":65,"column":0},"end":{"line":null,"column":-1}},"loc":{"start":{"line":65,"column":0},"end":{"line":67,"column":0}}},"8":{"name":"titleEtablissement","decl":{"start":{"line":70,"column":0},"end":{"line":null,"column":-1}},"loc":{"start":{"line":70,"column":0},"end":{"line":78,"column":0}}},"9":{"name":"beforeCreate","decl":{"start":{"line":80,"column":0},"end":{"line":null,"column":-1}},"loc":{"start":{"line":80,"column":0},"end":{"line":82,"column":0}}},"10":{"name":"created","decl":{"start":{"line":83,"column":0},"end":{"line":null,"column":-1}},"loc":{"start":{"line":83,"column":0},"end":{"line":85,"column":0}}},"11":{"name":"$route","decl":{"start":{"line":88,"column":0},"end":{"line":null,"column":-1}},"loc":{"start":{"line":88,"column":0},"end":{"line":90,"column":0}}}},"branchMap":{"0":{"loc":{"start":{"line":71,"column":0},"end":{"line":77,"column":0}},"type":"if","locations":[{"start":{"line":71,"column":0},"end":{"line":77,"column":0}},{"start":{"line":71,"column":0},"end":{"line":77,"column":0}}]},"1":{"loc":{"start":{"line":73,"column":0},"end":{"line":77,"column":0}},"type":"if","locations":[{"start":{"line":73,"column":0},"end":{"line":77,"column":0}},{"start":{"line":73,"column":0},"end":{"line":77,"column":0}}]}},"s":{"0":1,"1":1,"2":1,"3":1,"4":1,"5":1,"6":1,"7":1,"8":1,"9":0,"10":0,"11":0,"12":0,"13":0,"14":0,"15":0,"16":0,"17":0,"18":0,"19":0,"20":0,"21":0,"22":0,"23":0,"24":0},"f":{"0":0,"1":0,"2":0,"3":0,"4":0,"5":0,"6":0,"7":0,"8":0,"9":0,"10":0,"11":0},"b":{"0":[0,0],"1":[0,0]}}
,"/home/zerh/projects/project_sirene/entreprise.data.gouv.fr/src/components/Home.vue": {"path":"/home/zerh/projects/project_sirene/entreprise.data.gouv.fr/src/components/Home.vue","statementMap":{"0":{"start":{"line":10,"column":0},"end":{"line":null,"column":-1}},"1":{"start":{"line":11,"column":0},"end":{"line":null,"column":-1}},"2":{"start":{"line":12,"column":0},"end":{"line":null,"column":-1}}},"fnMap":{},"branchMap":{},"s":{"0":1,"1":1,"2":1},"f":{},"b":{}}
,"/home/zerh/projects/project_sirene/entreprise.data.gouv.fr/src/components/Navbar.vue": {"path":"/home/zerh/projects/project_sirene/entreprise.data.gouv.fr/src/components/Navbar.vue","statementMap":{"0":{"start":{"line":16,"column":0},"end":{"line":null,"column":-1}}},"fnMap":{"0":{"name":"clearHomepage","decl":{"start":{"line":15,"column":0},"end":{"line":null,"column":-1}},"loc":{"start":{"line":15,"column":0},"end":{"line":17,"column":0}}}},"branchMap":{},"s":{"0":1},"f":{"0":1},"b":{}}
,"/home/zerh/projects/project_sirene/entreprise.data.gouv.fr/src/components/Results.vue": {"path":"/home/zerh/projects/project_sirene/entreprise.data.gouv.fr/src/components/Results.vue","statementMap":{"0":{"start":{"line":20,"column":0},"end":{"line":null,"column":-1}},"1":{"start":{"line":21,"column":0},"end":{"line":null,"column":-1}},"2":{"start":{"line":22,"column":0},"end":{"line":null,"column":-1}},"3":{"start":{"line":23,"column":0},"end":{"line":null,"column":-1}},"4":{"start":{"line":24,"column":0},"end":{"line":null,"column":-1}},"5":{"start":{"line":25,"column":0},"end":{"line":null,"column":-1}},"6":{"start":{"line":30,"column":0},"end":{"line":null,"column":-1}},"7":{"start":{"line":44,"column":0},"end":{"line":null,"column":-1}},"8":{"start":{"line":47,"column":0},"end":{"line":null,"column":-1}},"9":{"start":{"line":50,"column":0},"end":{"line":null,"column":-1}},"10":{"start":{"line":53,"column":0},"end":{"line":null,"column":-1}},"11":{"start":{"line":56,"column":0},"end":{"line":null,"column":-1}},"12":{"start":{"line":61,"column":0},"end":{"line":null,"column":-1}}},"fnMap":{"0":{"name":"metaInfo","decl":{"start":{"line":29,"column":0},"end":{"line":null,"column":-1}},"loc":{"start":{"line":29,"column":0},"end":{"line":33,"column":0}}},"1":{"name":"resultsAreLoading","decl":{"start":{"line":43,"column":0},"end":{"line":null,"column":-1}},"loc":{"start":{"line":43,"column":0},"end":{"line":45,"column":0}}},"2":{"name":"serverError","decl":{"start":{"line":46,"column":0},"end":{"line":null,"column":-1}},"loc":{"start":{"line":46,"column":0},"end":{"line":48,"column":0}}},"3":{"name":"RNAError","decl":{"start":{"line":49,"column":0},"end":{"line":null,"column":-1}},"loc":{"start":{"line":49,"column":0},"end":{"line":51,"column":0}}},"4":{"name":"sireneError","decl":{"start":{"line":52,"column":0},"end":{"line":null,"column":-1}},"loc":{"start":{"line":52,"column":0},"end":{"line":54,"column":0}}},"5":{"name":"biggerNumberPages","decl":{"start":{"line":55,"column":0},"end":{"line":null,"column":-1}},"loc":{"start":{"line":55,"column":0},"end":{"line":57,"column":0}}},"6":{"name":"storedLastFullText","decl":{"start":{"line":60,"column":0},"end":{"line":null,"column":-1}},"loc":{"start":{"line":60,"column":0},"end":{"line":62,"column":0}}}},"branchMap":{},"s":{"0":2,"1":2,"2":2,"3":2,"4":2,"5":2,"6":0,"7":0,"8":0,"9":0,"10":0,"11":0,"12":0},"f":{"0":0,"1":0,"2":0,"3":0,"4":0,"5":0,"6":0},"b":{}}
,"/home/zerh/projects/project_sirene/entreprise.data.gouv.fr/src/components/Search.vue": {"path":"/home/zerh/projects/project_sirene/entreprise.data.gouv.fr/src/components/Search.vue","statementMap":{"0":{"start":{"line":21,"column":0},"end":{"line":null,"column":-1}},"1":{"start":{"line":22,"column":0},"end":{"line":null,"column":-1}},"2":{"start":{"line":31,"column":0},"end":{"line":33,"column":0}},"3":{"start":{"line":32,"column":0},"end":{"line":null,"column":-1}},"4":{"start":{"line":34,"column":0},"end":{"line":37,"column":0}},"5":{"start":{"line":35,"column":0},"end":{"line":null,"column":-1}},"6":{"start":{"line":36,"column":0},"end":{"line":null,"column":-1}},"7":{"start":{"line":40,"column":0},"end":{"line":null,"column":-1}},"8":{"start":{"line":53,"column":0},"end":{"line":null,"column":-1}},"9":{"start":{"line":56,"column":0},"end":{"line":null,"column":-1}},"10":{"start":{"line":60,"column":0},"end":{"line":null,"column":-1}},"11":{"start":{"line":67,"column":0},"end":{"line":69,"column":0}},"12":{"start":{"line":68,"column":0},"end":{"line":null,"column":-1}}},"fnMap":{"0":{"name":"created","decl":{"start":{"line":30,"column":0},"end":{"line":null,"column":-1}},"loc":{"start":{"line":30,"column":0},"end":{"line":38,"column":0}}},"1":{"name":"data","decl":{"start":{"line":39,"column":0},"end":{"line":null,"column":-1}},"loc":{"start":{"line":39,"column":0},"end":{"line":50,"column":0}}},"2":{"name":"isSearchNotEmpty","decl":{"start":{"line":52,"column":0},"end":{"line":null,"column":-1}},"loc":{"start":{"line":52,"column":0},"end":{"line":54,"column":0}}},"3":{"name":"showWelcomeText","decl":{"start":{"line":55,"column":0},"end":{"line":null,"column":-1}},"loc":{"start":{"line":55,"column":0},"end":{"line":57,"column":0}}},"4":{"name":"showBackToResultsButton","decl":{"start":{"line":58,"column":0},"end":{"line":null,"column":-1}},"loc":{"start":{"line":58,"column":0},"end":{"line":63,"column":0}}},"5":{"name":"$route","decl":{"start":{"line":66,"column":0},"end":{"line":null,"column":-1}},"loc":{"start":{"line":66,"column":0},"end":{"line":70,"column":0}}}},"branchMap":{"0":{"loc":{"start":{"line":31,"column":0},"end":{"line":33,"column":0}},"type":"if","locations":[{"start":{"line":31,"column":0},"end":{"line":33,"column":0}},{"start":{"line":31,"column":0},"end":{"line":33,"column":0}}]},"1":{"loc":{"start":{"line":34,"column":0},"end":{"line":37,"column":0}},"type":"if","locations":[{"start":{"line":34,"column":0},"end":{"line":37,"column":0}},{"start":{"line":34,"column":0},"end":{"line":37,"column":0}}]},"2":{"loc":{"start":{"line":60,"column":0},"end":{"line":null,"column":-1}},"type":"binary-expr","locations":[{"start":{"line":60,"column":0},"end":{"line":null,"column":-1}},{"start":{"line":60,"column":0},"end":{"line":null,"column":-1}}]},"3":{"loc":{"start":{"line":67,"column":0},"end":{"line":69,"column":0}},"type":"if","locations":[{"start":{"line":67,"column":0},"end":{"line":69,"column":0}},{"start":{"line":67,"column":0},"end":{"line":69,"column":0}}]}},"s":{"0":2,"1":2,"2":9,"3":9,"4":9,"5":8,"6":8,"7":9,"8":0,"9":9,"10":9,"11":0,"12":0},"f":{"0":9,"1":9,"2":0,"3":9,"4":9,"5":0},"b":{"0":[9,0],"1":[8,1],"2":[9,1],"3":[0,0]}}
,"/home/zerh/projects/project_sirene/entreprise.data.gouv.fr/src/components/apiDoc/ApiDocInput.vue": {"path":"/home/zerh/projects/project_sirene/entreprise.data.gouv.fr/src/components/apiDoc/ApiDocInput.vue","statementMap":{"0":{"start":{"line":13,"column":0},"end":{"line":null,"column":-1}},"1":{"start":{"line":19,"column":0},"end":{"line":null,"column":-1}}},"fnMap":{"0":{"name":"data","decl":{"start":{"line":12,"column":0},"end":{"line":null,"column":-1}},"loc":{"start":{"line":12,"column":0},"end":{"line":16,"column":0}}},"1":{"name":"activateButton","decl":{"start":{"line":19,"column":0},"end":{"line":null,"column":-1}},"loc":{"start":{"line":19,"column":0},"end":{"line":null,"column":-1}}}},"branchMap":{},"s":{"0":2,"1":1},"f":{"0":2,"1":1},"b":{}}
,"/home/zerh/projects/project_sirene/entreprise.data.gouv.fr/src/components/apiDoc/ApiDocIntro.vue": {"path":"/home/zerh/projects/project_sirene/entreprise.data.gouv.fr/src/components/apiDoc/ApiDocIntro.vue","statementMap":{"0":{"start":{"line":20,"column":0},"end":{"line":null,"column":-1}}},"fnMap":{},"branchMap":{},"s":{"0":1},"f":{},"b":{}}
,"/home/zerh/projects/project_sirene/entreprise.data.gouv.fr/src/components/apiDoc/ApiDocRNA.vue": {"path":"/home/zerh/projects/project_sirene/entreprise.data.gouv.fr/src/components/apiDoc/ApiDocRNA.vue","statementMap":{"0":{"start":{"line":11,"column":0},"end":{"line":null,"column":-1}},"1":{"start":{"line":12,"column":0},"end":{"line":null,"column":-1}},"2":{"start":{"line":13,"column":0},"end":{"line":null,"column":-1}},"3":{"start":{"line":14,"column":0},"end":{"line":null,"column":-1}},"4":{"start":{"line":28,"column":0},"end":{"line":null,"column":-1}}},"fnMap":{"0":{"name":"data","decl":{"start":{"line":27,"column":0},"end":{"line":null,"column":-1}},"loc":{"start":{"line":27,"column":0},"end":{"line":31,"column":0}}}},"branchMap":{},"s":{"0":0,"1":0,"2":0,"3":0,"4":0},"f":{"0":0},"b":{}}
,"/home/zerh/projects/project_sirene/entreprise.data.gouv.fr/src/components/apiDoc/ApiDocRNCS.vue": {"path":"/home/zerh/projects/project_sirene/entreprise.data.gouv.fr/src/components/apiDoc/ApiDocRNCS.vue","statementMap":{"0":{"start":{"line":11,"column":0},"end":{"line":null,"column":-1}},"1":{"start":{"line":12,"column":0},"end":{"line":null,"column":-1}},"2":{"start":{"line":13,"column":0},"end":{"line":null,"column":-1}},"3":{"start":{"line":14,"column":0},"end":{"line":null,"column":-1}},"4":{"start":{"line":28,"column":0},"end":{"line":null,"column":-1}}},"fnMap":{"0":{"name":"data","decl":{"start":{"line":27,"column":0},"end":{"line":null,"column":-1}},"loc":{"start":{"line":27,"column":0},"end":{"line":31,"column":0}}}},"branchMap":{},"s":{"0":0,"1":0,"2":0,"3":0,"4":0},"f":{"0":0},"b":{}}
,"/home/zerh/projects/project_sirene/entreprise.data.gouv.fr/src/components/apiDoc/ApiDocSirene.vue": {"path":"/home/zerh/projects/project_sirene/entreprise.data.gouv.fr/src/components/apiDoc/ApiDocSirene.vue","statementMap":{"0":{"start":{"line":13,"column":0},"end":{"line":null,"column":-1}},"1":{"start":{"line":14,"column":0},"end":{"line":null,"column":-1}},"2":{"start":{"line":15,"column":0},"end":{"line":null,"column":-1}},"3":{"start":{"line":16,"column":0},"end":{"line":null,"column":-1}},"4":{"start":{"line":17,"column":0},"end":{"line":null,"column":-1}},"5":{"start":{"line":18,"column":0},"end":{"line":null,"column":-1}},"6":{"start":{"line":34,"column":0},"end":{"line":null,"column":-1}}},"fnMap":{"0":{"name":"data","decl":{"start":{"line":33,"column":0},"end":{"line":null,"column":-1}},"loc":{"start":{"line":33,"column":0},"end":{"line":37,"column":0}}}},"branchMap":{},"s":{"0":0,"1":0,"2":0,"3":0,"4":0,"5":0,"6":0},"f":{"0":0},"b":{}}
,"/home/zerh/projects/project_sirene/entreprise.data.gouv.fr/src/components/apiDoc/apiDocRNA/ApiDocRNAEndpoints.vue": {"path":"/home/zerh/projects/project_sirene/entreprise.data.gouv.fr/src/components/apiDoc/apiDocRNA/ApiDocRNAEndpoints.vue","statementMap":{"0":{"start":{"line":37,"column":0},"end":{"line":null,"column":-1}},"1":{"start":{"line":46,"column":0},"end":{"line":null,"column":-1}}},"fnMap":{"0":{"name":"data","decl":{"start":{"line":45,"column":0},"end":{"line":null,"column":-1}},"loc":{"start":{"line":45,"column":0},"end":{"line":51,"column":0}}}},"branchMap":{},"s":{"0":0,"1":0},"f":{"0":0},"b":{}}
,"/home/zerh/projects/project_sirene/entreprise.data.gouv.fr/src/components/apiDoc/apiDocRNCS/ApiDocRNCSEndpoints.vue": {"path":"/home/zerh/projects/project_sirene/entreprise.data.gouv.fr/src/components/apiDoc/apiDocRNCS/ApiDocRNCSEndpoints.vue","statementMap":{"0":{"start":{"line":21,"column":0},"end":{"line":null,"column":-1}},"1":{"start":{"line":30,"column":0},"end":{"line":null,"column":-1}}},"fnMap":{"0":{"name":"data","decl":{"start":{"line":29,"column":0},"end":{"line":null,"column":-1}},"loc":{"start":{"line":29,"column":0},"end":{"line":35,"column":0}}}},"branchMap":{},"s":{"0":0,"1":0},"f":{"0":0},"b":{}}
,"/home/zerh/projects/project_sirene/entreprise.data.gouv.fr/src/components/apiDoc/apiDocSirene/ApiDocSireneEndpoints.vue": {"path":"/home/zerh/projects/project_sirene/entreprise.data.gouv.fr/src/components/apiDoc/apiDocSirene/ApiDocSireneEndpoints.vue","statementMap":{"0":{"start":{"line":58,"column":0},"end":{"line":null,"column":-1}},"1":{"start":{"line":67,"column":0},"end":{"line":null,"column":-1}}},"fnMap":{"0":{"name":"data","decl":{"start":{"line":66,"column":0},"end":{"line":null,"column":-1}},"loc":{"start":{"line":66,"column":0},"end":{"line":75,"column":0}}}},"branchMap":{},"s":{"0":0,"1":0},"f":{"0":0},"b":{}}
,"/home/zerh/projects/project_sirene/entreprise.data.gouv.fr/src/components/apiDoc/apiDocSirene/ApiDocSireneExample.vue": {"path":"/home/zerh/projects/project_sirene/entreprise.data.gouv.fr/src/components/apiDoc/apiDocSirene/ApiDocSireneExample.vue","statementMap":{"0":{"start":{"line":55,"column":0},"end":{"line":null,"column":-1}},"1":{"start":{"line":64,"column":0},"end":{"line":null,"column":-1}}},"fnMap":{"0":{"name":"data","decl":{"start":{"line":63,"column":0},"end":{"line":null,"column":-1}},"loc":{"start":{"line":63,"column":0},"end":{"line":68,"column":0}}}},"branchMap":{},"s":{"0":0,"1":0},"f":{"0":0},"b":{}}
,"/home/zerh/projects/project_sirene/entreprise.data.gouv.fr/src/components/apiDoc/apiDocSirene/ApiDocSireneGeospace.vue": {"path":"/home/zerh/projects/project_sirene/entreprise.data.gouv.fr/src/components/apiDoc/apiDocSirene/ApiDocSireneGeospace.vue","statementMap":{"0":{"start":{"line":113,"column":0},"end":{"line":null,"column":-1}},"1":{"start":{"line":122,"column":0},"end":{"line":null,"column":-1}}},"fnMap":{"0":{"name":"data","decl":{"start":{"line":121,"column":0},"end":{"line":null,"column":-1}},"loc":{"start":{"line":121,"column":0},"end":{"line":127,"column":0}}}},"branchMap":{},"s":{"0":0,"1":0},"f":{"0":0},"b":{}}
,"/home/zerh/projects/project_sirene/entreprise.data.gouv.fr/src/components/etablissement/EntrepriseIdentityRNCS.vue": {"path":"/home/zerh/projects/project_sirene/entreprise.data.gouv.fr/src/components/etablissement/EntrepriseIdentityRNCS.vue","statementMap":{"0":{"start":{"line":33,"column":0},"end":{"line":null,"column":-1}},"1":{"start":{"line":34,"column":0},"end":{"line":null,"column":-1}},"2":{"start":{"line":35,"column":0},"end":{"line":null,"column":-1}},"3":{"start":{"line":36,"column":0},"end":{"line":null,"column":-1}},"4":{"start":{"line":37,"column":0},"end":{"line":null,"column":-1}},"5":{"start":{"line":38,"column":0},"end":{"line":null,"column":-1}},"6":{"start":{"line":39,"column":0},"end":{"line":null,"column":-1}},"7":{"start":{"line":40,"column":0},"end":{"line":null,"column":-1}},"8":{"start":{"line":45,"column":0},"end":{"line":null,"column":-1}},"9":{"start":{"line":59,"column":0},"end":{"line":null,"column":-1}},"10":{"start":{"line":62,"column":0},"end":{"line":null,"column":-1}},"11":{"start":{"line":65,"column":0},"end":{"line":67,"column":0}},"12":{"start":{"line":66,"column":0},"end":{"line":null,"column":-1}},"13":{"start":{"line":68,"column":0},"end":{"line":null,"column":-1}},"14":{"start":{"line":71,"column":0},"end":{"line":null,"column":-1}},"15":{"start":{"line":74,"column":0},"end":{"line":76,"column":0}},"16":{"start":{"line":75,"column":0},"end":{"line":null,"column":-1}},"17":{"start":{"line":77,"column":0},"end":{"line":null,"column":-1}},"18":{"start":{"line":80,"column":0},"end":{"line":null,"column":-1}},"19":{"start":{"line":83,"column":0},"end":{"line":null,"column":-1}},"20":{"start":{"line":86,"column":0},"end":{"line":null,"column":-1}},"21":{"start":{"line":91,"column":0},"end":{"line":95,"column":0}},"22":{"start":{"line":92,"column":0},"end":{"line":null,"column":-1}},"23":{"start":{"line":94,"column":0},"end":{"line":null,"column":-1}},"24":{"start":{"line":98,"column":0},"end":{"line":105,"column":0}},"25":{"start":{"line":99,"column":0},"end":{"line":null,"column":-1}},"26":{"start":{"line":101,"column":0},"end":{"line":null,"column":-1}},"27":{"start":{"line":109,"column":0},"end":{"line":null,"column":-1}},"28":{"start":{"line":112,"column":0},"end":{"line":null,"column":-1}},"29":{"start":{"line":117,"column":0},"end":{"line":null,"column":-1}}},"fnMap":{"0":{"name":"metaInfo","decl":{"start":{"line":44,"column":0},"end":{"line":null,"column":-1}},"loc":{"start":{"line":44,"column":0},"end":{"line":48,"column":0}}},"1":{"name":"searchId","decl":{"start":{"line":58,"column":0},"end":{"line":null,"column":-1}},"loc":{"start":{"line":58,"column":0},"end":{"line":60,"column":0}}},"2":{"name":"haveRNCSInfo","decl":{"start":{"line":61,"column":0},"end":{"line":null,"column":-1}},"loc":{"start":{"line":61,"column":0},"end":{"line":63,"column":0}}},"3":{"name":"dataRequestURL","decl":{"start":{"line":64,"column":0},"end":{"line":null,"column":-1}},"loc":{"start":{"line":64,"column":0},"end":{"line":69,"column":0}}},"4":{"name":"dataRequestPDF","decl":{"start":{"line":70,"column":0},"end":{"line":null,"column":-1}},"loc":{"start":{"line":70,"column":0},"end":{"line":72,"column":0}}},"5":{"name":"RNCSUpdate","decl":{"start":{"line":73,"column":0},"end":{"line":null,"column":-1}},"loc":{"start":{"line":73,"column":0},"end":{"line":78,"column":0}}},"6":{"name":"RNCSLoading","decl":{"start":{"line":79,"column":0},"end":{"line":null,"column":-1}},"loc":{"start":{"line":79,"column":0},"end":{"line":81,"column":0}}},"7":{"name":"isRNCSError","decl":{"start":{"line":82,"column":0},"end":{"line":null,"column":-1}},"loc":{"start":{"line":82,"column":0},"end":{"line":84,"column":0}}},"8":{"name":"RNCSError","decl":{"start":{"line":85,"column":0},"end":{"line":null,"column":-1}},"loc":{"start":{"line":85,"column":0},"end":{"line":87,"column":0}}},"9":{"name":"titleEtablissement","decl":{"start":{"line":90,"column":0},"end":{"line":null,"column":-1}},"loc":{"start":{"line":90,"column":0},"end":{"line":96,"column":0}}},"10":{"name":"titleEtablissementRNCS","decl":{"start":{"line":97,"column":0},"end":{"line":null,"column":-1}},"loc":{"start":{"line":97,"column":0},"end":{"line":106,"column":0}}},"11":{"name":"beforeCreate","decl":{"start":{"line":108,"column":0},"end":{"line":null,"column":-1}},"loc":{"start":{"line":108,"column":0},"end":{"line":110,"column":0}}},"12":{"name":"created","decl":{"start":{"line":111,"column":0},"end":{"line":null,"column":-1}},"loc":{"start":{"line":111,"column":0},"end":{"line":113,"column":0}}},"13":{"name":"$route","decl":{"start":{"line":116,"column":0},"end":{"line":null,"column":-1}},"loc":{"start":{"line":116,"column":0},"end":{"line":118,"column":0}}}},"branchMap":{"0":{"loc":{"start":{"line":65,"column":0},"end":{"line":67,"column":0}},"type":"if","locations":[{"start":{"line":65,"column":0},"end":{"line":67,"column":0}},{"start":{"line":65,"column":0},"end":{"line":67,"column":0}}]},"1":{"loc":{"start":{"line":74,"column":0},"end":{"line":76,"column":0}},"type":"if","locations":[{"start":{"line":74,"column":0},"end":{"line":76,"column":0}},{"start":{"line":74,"column":0},"end":{"line":76,"column":0}}]},"2":{"loc":{"start":{"line":91,"column":0},"end":{"line":95,"column":0}},"type":"if","locations":[{"start":{"line":91,"column":0},"end":{"line":95,"column":0}},{"start":{"line":91,"column":0},"end":{"line":95,"column":0}}]},"3":{"loc":{"start":{"line":98,"column":0},"end":{"line":105,"column":0}},"type":"if","locations":[{"start":{"line":98,"column":0},"end":{"line":105,"column":0}},{"start":{"line":98,"column":0},"end":{"line":105,"column":0}}]}},"s":{"0":0,"1":0,"2":0,"3":0,"4":0,"5":0,"6":0,"7":0,"8":0,"9":0,"10":0,"11":0,"12":0,"13":0,"14":0,"15":0,"16":0,"17":0,"18":0,"19":0,"20":0,"21":0,"22":0,"23":0,"24":0,"25":0,"26":0,"27":0,"28":0,"29":0},"f":{"0":0,"1":0,"2":0,"3":0,"4":0,"5":0,"6":0,"7":0,"8":0,"9":0,"10":0,"11":0,"12":0,"13":0},"b":{"0":[0,0],"1":[0,0],"2":[0,0],"3":[0,0]}}
,"/home/zerh/projects/project_sirene/entreprise.data.gouv.fr/src/components/etablissement/EtablissementHeader.vue": {"path":"/home/zerh/projects/project_sirene/entreprise.data.gouv.fr/src/components/etablissement/EtablissementHeader.vue","statementMap":{"0":{"start":{"line":32,"column":0},"end":{"line":null,"column":-1}},"1":{"start":{"line":33,"column":0},"end":{"line":null,"column":-1}},"2":{"start":{"line":34,"column":0},"end":{"line":null,"column":-1}},"3":{"start":{"line":35,"column":0},"end":{"line":null,"column":-1}},"4":{"start":{"line":47,"column":0},"end":{"line":null,"column":-1}},"5":{"start":{"line":50,"column":0},"end":{"line":null,"column":-1}},"6":{"start":{"line":53,"column":0},"end":{"line":null,"column":-1}},"7":{"start":{"line":56,"column":0},"end":{"line":null,"column":-1}},"8":{"start":{"line":59,"column":0},"end":{"line":61,"column":0}},"9":{"start":{"line":60,"column":0},"end":{"line":null,"column":-1}},"10":{"start":{"line":64,"column":0},"end":{"line":66,"column":0}},"11":{"start":{"line":65,"column":0},"end":{"line":null,"column":-1}},"12":{"start":{"line":69,"column":0},"end":{"line":71,"column":0}},"13":{"start":{"line":70,"column":0},"end":{"line":null,"column":-1}},"14":{"start":{"line":72,"column":0},"end":{"line":null,"column":-1}}},"fnMap":{"0":{"name":"isEtablissementLoading","decl":{"start":{"line":46,"column":0},"end":{"line":null,"column":-1}},"loc":{"start":{"line":46,"column":0},"end":{"line":48,"column":0}}},"1":{"name":"resultSirene","decl":{"start":{"line":49,"column":0},"end":{"line":null,"column":-1}},"loc":{"start":{"line":49,"column":0},"end":{"line":51,"column":0}}},"2":{"name":"resultRNA","decl":{"start":{"line":52,"column":0},"end":{"line":null,"column":-1}},"loc":{"start":{"line":52,"column":0},"end":{"line":54,"column":0}}},"3":{"name":"haveOnlyRNAInfo","decl":{"start":{"line":55,"column":0},"end":{"line":null,"column":-1}},"loc":{"start":{"line":55,"column":0},"end":{"line":57,"column":0}}},"4":{"name":"haveSireneInfo","decl":{"start":{"line":58,"column":0},"end":{"line":null,"column":-1}},"loc":{"start":{"line":58,"column":0},"end":{"line":62,"column":0}}},"5":{"name":"haveRNAInfo","decl":{"start":{"line":63,"column":0},"end":{"line":null,"column":-1}},"loc":{"start":{"line":63,"column":0},"end":{"line":67,"column":0}}},"6":{"name":"coordinates","decl":{"start":{"line":68,"column":0},"end":{"line":null,"column":-1}},"loc":{"start":{"line":68,"column":0},"end":{"line":73,"column":0}}}},"branchMap":{"0":{"loc":{"start":{"line":56,"column":0},"end":{"line":null,"column":-1}},"type":"binary-expr","locations":[{"start":{"line":56,"column":0},"end":{"line":null,"column":-1}},{"start":{"line":56,"column":0},"end":{"line":null,"column":-1}}]},"1":{"loc":{"start":{"line":59,"column":0},"end":{"line":61,"column":0}},"type":"if","locations":[{"start":{"line":59,"column":0},"end":{"line":61,"column":0}},{"start":{"line":59,"column":0},"end":{"line":61,"column":0}}]},"2":{"loc":{"start":{"line":64,"column":0},"end":{"line":66,"column":0}},"type":"if","locations":[{"start":{"line":64,"column":0},"end":{"line":66,"column":0}},{"start":{"line":64,"column":0},"end":{"line":66,"column":0}}]},"3":{"loc":{"start":{"line":69,"column":0},"end":{"line":71,"column":0}},"type":"if","locations":[{"start":{"line":69,"column":0},"end":{"line":71,"column":0}},{"start":{"line":69,"column":0},"end":{"line":71,"column":0}}]},"4":{"loc":{"start":{"line":69,"column":0},"end":{"line":null,"column":-1}},"type":"binary-expr","locations":[{"start":{"line":69,"column":0},"end":{"line":null,"column":-1}},{"start":{"line":69,"column":0},"end":{"line":null,"column":-1}},{"start":{"line":69,"column":0},"end":{"line":null,"column":-1}}]}},"s":{"0":2,"1":2,"2":2,"3":2,"4":1,"5":1,"6":0,"7":1,"8":1,"9":1,"10":0,"11":0,"12":1,"13":0,"14":1},"f":{"0":1,"1":1,"2":0,"3":1,"4":1,"5":0,"6":1},"b":{"0":[1,0],"1":[1,0],"2":[0,0],"3":[0,1],"4":[1,1,0]}}
,"/home/zerh/projects/project_sirene/entreprise.data.gouv.fr/src/components/etablissement/EtablissementMap.vue": {"path":"/home/zerh/projects/project_sirene/entreprise.data.gouv.fr/src/components/etablissement/EtablissementMap.vue","statementMap":{"0":{"start":{"line":12,"column":0},"end":{"line":null,"column":-1}},"1":{"start":{"line":13,"column":0},"end":{"line":null,"column":-1}},"2":{"start":{"line":14,"column":0},"end":{"line":null,"column":-1}},"3":{"start":{"line":15,"column":0},"end":{"line":null,"column":-1}},"4":{"start":{"line":21,"column":0},"end":{"line":null,"column":-1}},"5":{"start":{"line":25,"column":0},"end":{"line":null,"column":-1}},"6":{"start":{"line":37,"column":0},"end":{"line":null,"column":-1}},"7":{"start":{"line":38,"column":0},"end":{"line":null,"column":-1}},"8":{"start":{"line":42,"column":0},"end":{"line":null,"column":-1}},"9":{"start":{"line":44,"column":0},"end":{"line":null,"column":-1}},"10":{"start":{"line":49,"column":0},"end":{"line":null,"column":-1}},"11":{"start":{"line":51,"column":0},"end":{"line":null,"column":-1}},"12":{"start":{"line":53,"column":0},"end":{"line":null,"column":-1}},"13":{"start":{"line":54,"column":0},"end":{"line":null,"column":-1}},"14":{"start":{"line":55,"column":0},"end":{"line":null,"column":-1}},"15":{"start":{"line":58,"column":0},"end":{"line":null,"column":-1}}},"fnMap":{"0":{"name":"data","decl":{"start":{"line":20,"column":0},"end":{"line":null,"column":-1}},"loc":{"start":{"line":20,"column":0},"end":{"line":36,"column":0}}},"1":{"name":"mapOptions","decl":{"start":{"line":24,"column":0},"end":{"line":null,"column":-1}},"loc":{"start":{"line":24,"column":0},"end":{"line":31,"column":0}}},"2":{"name":"mounted","decl":{"start":{"line":37,"column":0},"end":{"line":null,"column":-1}},"loc":{"start":{"line":37,"column":0},"end":{"line":39,"column":0}}},"3":{"name":"(anonymous_5)","decl":{"start":{"line":38,"column":0},"end":{"line":null,"column":-1}},"loc":{"start":{"line":38,"column":0},"end":{"line":null,"column":-1}}},"4":{"name":"haveNoMapInfo","decl":{"start":{"line":41,"column":0},"end":{"line":null,"column":-1}},"loc":{"start":{"line":41,"column":0},"end":{"line":45,"column":0}}},"5":{"name":"initMap","decl":{"start":{"line":48,"column":0},"end":{"line":null,"column":-1}},"loc":{"start":{"line":48,"column":0},"end":{"line":56,"column":0}}},"6":{"name":"addEtablissementMarker","decl":{"start":{"line":57,"column":0},"end":{"line":null,"column":-1}},"loc":{"start":{"line":57,"column":0},"end":{"line":62,"column":0}}}},"branchMap":{"0":{"loc":{"start":{"line":42,"column":0},"end":{"line":null,"column":-1}},"type":"if","locations":[{"start":{"line":42,"column":0},"end":{"line":null,"column":-1}},{"start":{"line":42,"column":0},"end":{"line":null,"column":-1}}]},"1":{"loc":{"start":{"line":49,"column":0},"end":{"line":null,"column":-1}},"type":"if","locations":[{"start":{"line":49,"column":0},"end":{"line":null,"column":-1}},{"start":{"line":49,"column":0},"end":{"line":null,"column":-1}}]}},"s":{"0":3,"1":3,"2":3,"3":3,"4":2,"5":0,"6":2,"7":2,"8":2,"9":2,"10":0,"11":0,"12":0,"13":0,"14":0,"15":0},"f":{"0":2,"1":0,"2":2,"3":0,"4":2,"5":0,"6":0},"b":{"0":[2,2],"1":[0,0]}}
,"/home/zerh/projects/project_sirene/entreprise.data.gouv.fr/src/components/etablissement/EtablissementRNA.vue": {"path":"/home/zerh/projects/project_sirene/entreprise.data.gouv.fr/src/components/etablissement/EtablissementRNA.vue","statementMap":{"0":{"start":{"line":11,"column":0},"end":{"line":null,"column":-1}},"1":{"start":{"line":12,"column":0},"end":{"line":null,"column":-1}}},"fnMap":{},"branchMap":{},"s":{"0":1,"1":1},"f":{},"b":{}}
,"/home/zerh/projects/project_sirene/entreprise.data.gouv.fr/src/components/etablissement/EtablissementRNCS.vue": {"path":"/home/zerh/projects/project_sirene/entreprise.data.gouv.fr/src/components/etablissement/EtablissementRNCS.vue","statementMap":{"0":{"start":{"line":13,"column":0},"end":{"line":null,"column":-1}},"1":{"start":{"line":14,"column":0},"end":{"line":null,"column":-1}},"2":{"start":{"line":15,"column":0},"end":{"line":null,"column":-1}},"3":{"start":{"line":16,"column":0},"end":{"line":null,"column":-1}}},"fnMap":{},"branchMap":{},"s":{"0":0,"1":0,"2":0,"3":0},"f":{},"b":{}}
,"/home/zerh/projects/project_sirene/entreprise.data.gouv.fr/src/components/etablissement/EtablissementRNM.vue": {"path":"/home/zerh/projects/project_sirene/entreprise.data.gouv.fr/src/components/etablissement/EtablissementRNM.vue","statementMap":{"0":{"start":{"line":11,"column":0},"end":{"line":null,"column":-1}},"1":{"start":{"line":12,"column":0},"end":{"line":null,"column":-1}}},"fnMap":{},"branchMap":{},"s":{"0":1,"1":1},"f":{},"b":{}}
,"/home/zerh/projects/project_sirene/entreprise.data.gouv.fr/src/components/etablissement/EtablissementSirene.vue": {"path":"/home/zerh/projects/project_sirene/entreprise.data.gouv.fr/src/components/etablissement/EtablissementSirene.vue","statementMap":{"0":{"start":{"line":11,"column":0},"end":{"line":null,"column":-1}},"1":{"start":{"line":12,"column":0},"end":{"line":null,"column":-1}},"2":{"start":{"line":13,"column":0},"end":{"line":null,"column":-1}}},"fnMap":{},"branchMap":{},"s":{"0":2,"1":2,"2":2},"f":{},"b":{}}
,"/home/zerh/projects/project_sirene/entreprise.data.gouv.fr/src/components/etablissement/etablissementRNA/EtablissementRNAImmatriculation.vue": {"path":"/home/zerh/projects/project_sirene/entreprise.data.gouv.fr/src/components/etablissement/etablissementRNA/EtablissementRNAImmatriculation.vue","statementMap":{"0":{"start":{"line":18,"column":0},"end":{"line":null,"column":-1}},"1":{"start":{"line":19,"column":0},"end":{"line":null,"column":-1}},"2":{"start":{"line":25,"column":0},"end":{"line":null,"column":-1}},"3":{"start":{"line":37,"column":0},"end":{"line":null,"column":-1}},"4":{"start":{"line":40,"column":0},"end":{"line":42,"column":0}},"5":{"start":{"line":41,"column":0},"end":{"line":null,"column":-1}},"6":{"start":{"line":45,"column":0},"end":{"line":47,"column":0}},"7":{"start":{"line":46,"column":0},"end":{"line":null,"column":-1}}},"fnMap":{"0":{"name":"data","decl":{"start":{"line":24,"column":0},"end":{"line":null,"column":-1}},"loc":{"start":{"line":24,"column":0},"end":{"line":34,"column":0}}},"1":{"name":"resultRNA","decl":{"start":{"line":36,"column":0},"end":{"line":null,"column":-1}},"loc":{"start":{"line":36,"column":0},"end":{"line":38,"column":0}}},"2":{"name":"l1_adress","decl":{"start":{"line":39,"column":0},"end":{"line":null,"column":-1}},"loc":{"start":{"line":39,"column":0},"end":{"line":43,"column":0}}},"3":{"name":"l2_adress","decl":{"start":{"line":44,"column":0},"end":{"line":null,"column":-1}},"loc":{"start":{"line":44,"column":0},"end":{"line":48,"column":0}}}},"branchMap":{"0":{"loc":{"start":{"line":40,"column":0},"end":{"line":42,"column":0}},"type":"if","locations":[{"start":{"line":40,"column":0},"end":{"line":42,"column":0}},{"start":{"line":40,"column":0},"end":{"line":42,"column":0}}]},"1":{"loc":{"start":{"line":40,"column":0},"end":{"line":null,"column":-1}},"type":"binary-expr","locations":[{"start":{"line":40,"column":0},"end":{"line":null,"column":-1}},{"start":{"line":40,"column":0},"end":{"line":null,"column":-1}},{"start":{"line":40,"column":0},"end":{"line":null,"column":-1}}]},"2":{"loc":{"start":{"line":45,"column":0},"end":{"line":47,"column":0}},"type":"if","locations":[{"start":{"line":45,"column":0},"end":{"line":47,"column":0}},{"start":{"line":45,"column":0},"end":{"line":47,"column":0}}]},"3":{"loc":{"start":{"line":45,"column":0},"end":{"line":null,"column":-1}},"type":"binary-expr","locations":[{"start":{"line":45,"column":0},"end":{"line":null,"column":-1}},{"start":{"line":45,"column":0},"end":{"line":null,"column":-1}}]}},"s":{"0":1,"1":1,"2":0,"3":0,"4":0,"5":0,"6":0,"7":0},"f":{"0":0,"1":0,"2":0,"3":0},"b":{"0":[0,0],"1":[0,0,0],"2":[0,0],"3":[0,0]}}
,"/home/zerh/projects/project_sirene/entreprise.data.gouv.fr/src/components/etablissement/etablissementRNA/EtablissementRNAInfo.vue": {"path":"/home/zerh/projects/project_sirene/entreprise.data.gouv.fr/src/components/etablissement/etablissementRNA/EtablissementRNAInfo.vue","statementMap":{"0":{"start":{"line":17,"column":0},"end":{"line":null,"column":-1}},"1":{"start":{"line":18,"column":0},"end":{"line":null,"column":-1}},"2":{"start":{"line":24,"column":0},"end":{"line":null,"column":-1}},"3":{"start":{"line":32,"column":0},"end":{"line":null,"column":-1}}},"fnMap":{"0":{"name":"data","decl":{"start":{"line":23,"column":0},"end":{"line":null,"column":-1}},"loc":{"start":{"line":23,"column":0},"end":{"line":29,"column":0}}},"1":{"name":"resultRNA","decl":{"start":{"line":31,"column":0},"end":{"line":null,"column":-1}},"loc":{"start":{"line":31,"column":0},"end":{"line":33,"column":0}}}},"branchMap":{},"s":{"0":1,"1":1,"2":0,"3":0},"f":{"0":0,"1":0},"b":{}}
,"/home/zerh/projects/project_sirene/entreprise.data.gouv.fr/src/components/etablissement/etablissementRNCS/EtablissementRNCSGestion.vue": {"path":"/home/zerh/projects/project_sirene/entreprise.data.gouv.fr/src/components/etablissement/etablissementRNCS/EtablissementRNCSGestion.vue","statementMap":{"0":{"start":{"line":17,"column":0},"end":{"line":null,"column":-1}},"1":{"start":{"line":18,"column":0},"end":{"line":null,"column":-1}},"2":{"start":{"line":19,"column":0},"end":{"line":null,"column":-1}},"3":{"start":{"line":20,"column":0},"end":{"line":null,"column":-1}},"4":{"start":{"line":21,"column":0},"end":{"line":null,"column":-1}},"5":{"start":{"line":32,"column":0},"end":{"line":null,"column":-1}},"6":{"start":{"line":35,"column":0},"end":{"line":null,"column":-1}},"7":{"start":{"line":40,"column":0},"end":{"line":null,"column":-1}}},"fnMap":{"0":{"name":"managers","decl":{"start":{"line":31,"column":0},"end":{"line":null,"column":-1}},"loc":{"start":{"line":31,"column":0},"end":{"line":33,"column":0}}},"1":{"name":"managersLegal","decl":{"start":{"line":34,"column":0},"end":{"line":null,"column":-1}},"loc":{"start":{"line":34,"column":0},"end":{"line":38,"column":0}}},"2":{"name":"(anonymous_4)","decl":{"start":{"line":35,"column":0},"end":{"line":null,"column":-1}},"loc":{"start":{"line":35,"column":0},"end":{"line":null,"column":-1}}},"3":{"name":"managersPhysical","decl":{"start":{"line":39,"column":0},"end":{"line":null,"column":-1}},"loc":{"start":{"line":39,"column":0},"end":{"line":43,"column":0}}},"4":{"name":"(anonymous_6)","decl":{"start":{"line":40,"column":0},"end":{"line":null,"column":-1}},"loc":{"start":{"line":40,"column":0},"end":{"line":null,"column":-1}}}},"branchMap":{"0":{"loc":{"start":{"line":35,"column":0},"end":{"line":null,"column":-1}},"type":"binary-expr","locations":[{"start":{"line":35,"column":0},"end":{"line":null,"column":-1}},{"start":{"line":35,"column":0},"end":{"line":null,"column":-1}}]},"1":{"loc":{"start":{"line":40,"column":0},"end":{"line":null,"column":-1}},"type":"binary-expr","locations":[{"start":{"line":40,"column":0},"end":{"line":null,"column":-1}},{"start":{"line":40,"column":0},"end":{"line":null,"column":-1}}]}},"s":{"0":0,"1":0,"2":0,"3":0,"4":0,"5":0,"6":0,"7":0},"f":{"0":0,"1":0,"2":0,"3":0,"4":0},"b":{"0":[0,0],"1":[0,0]}}
,"/home/zerh/projects/project_sirene/entreprise.data.gouv.fr/src/components/etablissement/etablissementRNCS/EtablissementRNCSIdentification.vue": {"path":"/home/zerh/projects/project_sirene/entreprise.data.gouv.fr/src/components/etablissement/etablissementRNCS/EtablissementRNCSIdentification.vue","statementMap":{"0":{"start":{"line":9,"column":0},"end":{"line":null,"column":-1}},"1":{"start":{"line":10,"column":0},"end":{"line":null,"column":-1}},"2":{"start":{"line":20,"column":0},"end":{"line":null,"column":-1}},"3":{"start":{"line":23,"column":0},"end":{"line":null,"column":-1}},"4":{"start":{"line":26,"column":0},"end":{"line":null,"column":-1}}},"fnMap":{"0":{"name":"RNCSData","decl":{"start":{"line":19,"column":0},"end":{"line":null,"column":-1}},"loc":{"start":{"line":19,"column":0},"end":{"line":21,"column":0}}},"1":{"name":"RNCSLegal","decl":{"start":{"line":22,"column":0},"end":{"line":null,"column":-1}},"loc":{"start":{"line":22,"column":0},"end":{"line":24,"column":0}}},"2":{"name":"RNCSPhysical","decl":{"start":{"line":25,"column":0},"end":{"line":null,"column":-1}},"loc":{"start":{"line":25,"column":0},"end":{"line":27,"column":0}}}},"branchMap":{},"s":{"0":0,"1":0,"2":0,"3":0,"4":0},"f":{"0":0,"1":0,"2":0},"b":{}}
,"/home/zerh/projects/project_sirene/entreprise.data.gouv.fr/src/components/etablissement/etablissementRNCS/EtablissementRNCSObservations.vue": {"path":"/home/zerh/projects/project_sirene/entreprise.data.gouv.fr/src/components/etablissement/etablissementRNCS/EtablissementRNCSObservations.vue","statementMap":{"0":{"start":{"line":17,"column":0},"end":{"line":null,"column":-1}},"1":{"start":{"line":18,"column":0},"end":{"line":null,"column":-1}},"2":{"start":{"line":19,"column":0},"end":{"line":null,"column":-1}},"3":{"start":{"line":26,"column":0},"end":{"line":null,"column":-1}},"4":{"start":{"line":29,"column":0},"end":{"line":null,"column":-1}},"5":{"start":{"line":32,"column":0},"end":{"line":null,"column":-1}}},"fnMap":{"0":{"name":"RNCSData","decl":{"start":{"line":25,"column":0},"end":{"line":null,"column":-1}},"loc":{"start":{"line":25,"column":0},"end":{"line":27,"column":0}}},"1":{"name":"RNCSObservations","decl":{"start":{"line":28,"column":0},"end":{"line":null,"column":-1}},"loc":{"start":{"line":28,"column":0},"end":{"line":30,"column":0}}},"2":{"name":"RNCSObservationsOrdered","decl":{"start":{"line":31,"column":0},"end":{"line":null,"column":-1}},"loc":{"start":{"line":31,"column":0},"end":{"line":33,"column":0}}}},"branchMap":{},"s":{"0":0,"1":0,"2":0,"3":0,"4":0,"5":0},"f":{"0":0,"1":0,"2":0},"b":{}}
,"/home/zerh/projects/project_sirene/entreprise.data.gouv.fr/src/components/etablissement/etablissementRNCS/EtablissementRNCSRegistration.vue": {"path":"/home/zerh/projects/project_sirene/entreprise.data.gouv.fr/src/components/etablissement/etablissementRNCS/EtablissementRNCSRegistration.vue","statementMap":{"0":{"start":{"line":32,"column":0},"end":{"line":null,"column":-1}},"1":{"start":{"line":33,"column":0},"end":{"line":null,"column":-1}},"2":{"start":{"line":34,"column":0},"end":{"line":null,"column":-1}},"3":{"start":{"line":35,"column":0},"end":{"line":null,"column":-1}},"4":{"start":{"line":44,"column":0},"end":{"line":null,"column":-1}},"5":{"start":{"line":73,"column":0},"end":{"line":null,"column":-1}},"6":{"start":{"line":77,"column":0},"end":{"line":null,"column":-1}},"7":{"start":{"line":80,"column":0},"end":{"line":null,"column":-1}},"8":{"start":{"line":83,"column":0},"end":{"line":85,"column":0}},"9":{"start":{"line":84,"column":0},"end":{"line":null,"column":-1}},"10":{"start":{"line":86,"column":0},"end":{"line":null,"column":-1}}},"fnMap":{"0":{"name":"data","decl":{"start":{"line":43,"column":0},"end":{"line":null,"column":-1}},"loc":{"start":{"line":43,"column":0},"end":{"line":70,"column":0}}},"1":{"name":"RNCSData","decl":{"start":{"line":72,"column":0},"end":{"line":null,"column":-1}},"loc":{"start":{"line":72,"column":0},"end":{"line":74,"column":0}}},"2":{"name":"RNCSPhysical","decl":{"start":{"line":76,"column":0},"end":{"line":null,"column":-1}},"loc":{"start":{"line":76,"column":0},"end":{"line":78,"column":0}}},"3":{"name":"haveRNCSPhysicalDAP","decl":{"start":{"line":79,"column":0},"end":{"line":null,"column":-1}},"loc":{"start":{"line":79,"column":0},"end":{"line":81,"column":0}}},"4":{"name":"RNCSPhysicalDAPIsPositive","decl":{"start":{"line":82,"column":0},"end":{"line":null,"column":-1}},"loc":{"start":{"line":82,"column":0},"end":{"line":87,"column":0}}}},"branchMap":{"0":{"loc":{"start":{"line":80,"column":0},"end":{"line":null,"column":-1}},"type":"binary-expr","locations":[{"start":{"line":80,"column":0},"end":{"line":null,"column":-1}},{"start":{"line":80,"column":0},"end":{"line":null,"column":-1}}]},"1":{"loc":{"start":{"line":83,"column":0},"end":{"line":85,"column":0}},"type":"if","locations":[{"start":{"line":83,"column":0},"end":{"line":85,"column":0}},{"start":{"line":83,"column":0},"end":{"line":85,"column":0}}]},"2":{"loc":{"start":{"line":83,"column":0},"end":{"line":null,"column":-1}},"type":"binary-expr","locations":[{"start":{"line":83,"column":0},"end":{"line":null,"column":-1}},{"start":{"line":83,"column":0},"end":{"line":null,"column":-1}}]}},"s":{"0":0,"1":0,"2":0,"3":0,"4":0,"5":0,"6":0,"7":0,"8":0,"9":0,"10":0},"f":{"0":0,"1":0,"2":0,"3":0,"4":0},"b":{"0":[0,0],"1":[0,0],"2":[0,0]}}
,"/home/zerh/projects/project_sirene/entreprise.data.gouv.fr/src/components/etablissement/etablissementRNCS/etablissementRNCSGestion/EtablissementRNCSGestionMorale.vue": {"path":"/home/zerh/projects/project_sirene/entreprise.data.gouv.fr/src/components/etablissement/etablissementRNCS/etablissementRNCSGestion/EtablissementRNCSGestionMorale.vue","statementMap":{"0":{"start":{"line":24,"column":0},"end":{"line":null,"column":-1}},"1":{"start":{"line":25,"column":0},"end":{"line":null,"column":-1}},"2":{"start":{"line":26,"column":0},"end":{"line":null,"column":-1}},"3":{"start":{"line":33,"column":0},"end":{"line":null,"column":-1}}},"fnMap":{"0":{"name":"data","decl":{"start":{"line":32,"column":0},"end":{"line":null,"column":-1}},"loc":{"start":{"line":32,"column":0},"end":{"line":49,"column":0}}}},"branchMap":{},"s":{"0":0,"1":0,"2":0,"3":0},"f":{"0":0},"b":{}}
,"/home/zerh/projects/project_sirene/entreprise.data.gouv.fr/src/components/etablissement/etablissementRNCS/etablissementRNCSGestion/EtablissementRNCSGestionPhysique.vue": {"path":"/home/zerh/projects/project_sirene/entreprise.data.gouv.fr/src/components/etablissement/etablissementRNCS/etablissementRNCSGestion/EtablissementRNCSGestionPhysique.vue","statementMap":{"0":{"start":{"line":31,"column":0},"end":{"line":null,"column":-1}},"1":{"start":{"line":32,"column":0},"end":{"line":null,"column":-1}},"2":{"start":{"line":33,"column":0},"end":{"line":null,"column":-1}},"3":{"start":{"line":34,"column":0},"end":{"line":null,"column":-1}},"4":{"start":{"line":41,"column":0},"end":{"line":null,"column":-1}}},"fnMap":{"0":{"name":"data","decl":{"start":{"line":40,"column":0},"end":{"line":null,"column":-1}},"loc":{"start":{"line":40,"column":0},"end":{"line":59,"column":0}}}},"branchMap":{},"s":{"0":0,"1":0,"2":0,"3":0,"4":0},"f":{"0":0},"b":{}}
,"/home/zerh/projects/project_sirene/entreprise.data.gouv.fr/src/components/etablissement/etablissementRNCS/etablissementRNCSIdentification/EtablissementRNCSPMorale.vue": {"path":"/home/zerh/projects/project_sirene/entreprise.data.gouv.fr/src/components/etablissement/etablissementRNCS/etablissementRNCSIdentification/EtablissementRNCSPMorale.vue","statementMap":{"0":{"start":{"line":13,"column":0},"end":{"line":null,"column":-1}},"1":{"start":{"line":14,"column":0},"end":{"line":null,"column":-1}},"2":{"start":{"line":15,"column":0},"end":{"line":null,"column":-1}},"3":{"start":{"line":21,"column":0},"end":{"line":null,"column":-1}},"4":{"start":{"line":35,"column":0},"end":{"line":null,"column":-1}}},"fnMap":{"0":{"name":"data","decl":{"start":{"line":20,"column":0},"end":{"line":null,"column":-1}},"loc":{"start":{"line":20,"column":0},"end":{"line":32,"column":0}}},"1":{"name":"RNCSLegal","decl":{"start":{"line":34,"column":0},"end":{"line":null,"column":-1}},"loc":{"start":{"line":34,"column":0},"end":{"line":36,"column":0}}}},"branchMap":{},"s":{"0":0,"1":0,"2":0,"3":0,"4":0},"f":{"0":0,"1":0},"b":{}}
,"/home/zerh/projects/project_sirene/entreprise.data.gouv.fr/src/components/etablissement/etablissementRNCS/etablissementRNCSIdentification/EtablissementRNCSPPhysique.vue": {"path":"/home/zerh/projects/project_sirene/entreprise.data.gouv.fr/src/components/etablissement/etablissementRNCS/etablissementRNCSIdentification/EtablissementRNCSPPhysique.vue","statementMap":{"0":{"start":{"line":31,"column":0},"end":{"line":null,"column":-1}},"1":{"start":{"line":32,"column":0},"end":{"line":null,"column":-1}},"2":{"start":{"line":33,"column":0},"end":{"line":null,"column":-1}},"3":{"start":{"line":34,"column":0},"end":{"line":null,"column":-1}},"4":{"start":{"line":35,"column":0},"end":{"line":null,"column":-1}},"5":{"start":{"line":44,"column":0},"end":{"line":null,"column":-1}},"6":{"start":{"line":63,"column":0},"end":{"line":null,"column":-1}},"7":{"start":{"line":68,"column":0},"end":{"line":null,"column":-1}}},"fnMap":{"0":{"name":"data","decl":{"start":{"line":43,"column":0},"end":{"line":null,"column":-1}},"loc":{"start":{"line":43,"column":0},"end":{"line":60,"column":0}}},"1":{"name":"RNCSPhysical","decl":{"start":{"line":62,"column":0},"end":{"line":null,"column":-1}},"loc":{"start":{"line":62,"column":0},"end":{"line":64,"column":0}}},"2":{"name":"collabName","decl":{"start":{"line":67,"column":0},"end":{"line":null,"column":-1}},"loc":{"start":{"line":67,"column":0},"end":{"line":69,"column":0}}}},"branchMap":{},"s":{"0":0,"1":0,"2":0,"3":0,"4":0,"5":0,"6":0,"7":0},"f":{"0":0,"1":0,"2":0},"b":{}}
,"/home/zerh/projects/project_sirene/entreprise.data.gouv.fr/src/components/etablissement/etablissementRNCS/mixins/RNCSformating.js": {"path":"/home/zerh/projects/project_sirene/entreprise.data.gouv.fr/src/components/etablissement/etablissementRNCS/mixins/RNCSformating.js","statementMap":{"0":{"start":{"line":1,"column":0},"end":{"line":null,"column":-1}},"1":{"start":{"line":2,"column":0},"end":{"line":null,"column":-1}},"2":{"start":{"line":3,"column":0},"end":{"line":null,"column":-1}},"3":{"start":{"line":6,"column":2},"end":{"line":null,"column":-1}},"4":{"start":{"line":10,"column":2},"end":{"line":14,"column":3}},"5":{"start":{"line":11,"column":4},"end":{"line":null,"column":-1}},"6":{"start":{"line":13,"column":4},"end":{"line":null,"column":-1}},"7":{"start":{"line":18,"column":2},"end":{"line":22,"column":3}},"8":{"start":{"line":19,"column":4},"end":{"line":null,"column":-1}},"9":{"start":{"line":20,"column":9},"end":{"line":22,"column":3}},"10":{"start":{"line":21,"column":4},"end":{"line":null,"column":-1}},"11":{"start":{"line":23,"column":2},"end":{"line":null,"column":-1}},"12":{"start":{"line":27,"column":2},"end":{"line":31,"column":3}},"13":{"start":{"line":28,"column":4},"end":{"line":null,"column":-1}},"14":{"start":{"line":29,"column":9},"end":{"line":31,"column":3}},"15":{"start":{"line":30,"column":4},"end":{"line":null,"column":-1}},"16":{"start":{"line":32,"column":2},"end":{"line":null,"column":-1}},"17":{"start":{"line":36,"column":6},"end":{"line":36,"column":2}},"18":{"start":{"line":38,"column":2},"end":{"line":null,"column":-1}},"19":{"start":{"line":39,"column":2},"end":{"line":null,"column":-1}},"20":{"start":{"line":40,"column":2},"end":{"line":null,"column":-1}},"21":{"start":{"line":42,"column":2},"end":{"line":null,"column":-1}},"22":{"start":{"line":46,"column":17},"end":{"line":46,"column":2}},"23":{"start":{"line":47,"column":2},"end":{"line":null,"column":-1}},"24":{"start":{"line":48,"column":2},"end":{"line":null,"column":-1}},"25":{"start":{"line":50,"column":2},"end":{"line":null,"column":-1}},"26":{"start":{"line":54,"column":17},"end":{"line":54,"column":2}},"27":{"start":{"line":55,"column":2},"end":{"line":null,"column":-1}},"28":{"start":{"line":57,"column":2},"end":{"line":null,"column":-1}},"29":{"start":{"line":62,"column":13},"end":{"line":62,"column":2}},"30":{"start":{"line":64,"column":2},"end":{"line":null,"column":-1}},"31":{"start":{"line":68,"column":16},"end":{"line":68,"column":2}},"32":{"start":{"line":69,"column":2},"end":{"line":null,"column":-1}},"33":{"start":{"line":70,"column":2},"end":{"line":null,"column":-1}},"34":{"start":{"line":71,"column":2},"end":{"line":73,"column":3}},"35":{"start":{"line":72,"column":4},"end":{"line":null,"column":-1}},"36":{"start":{"line":75,"column":2},"end":{"line":null,"column":-1}},"37":{"start":{"line":79,"column":16},"end":{"line":79,"column":2}},"38":{"start":{"line":80,"column":2},"end":{"line":null,"column":-1}},"39":{"start":{"line":81,"column":2},"end":{"line":null,"column":-1}},"40":{"start":{"line":82,"column":2},"end":{"line":84,"column":3}},"41":{"start":{"line":83,"column":4},"end":{"line":null,"column":-1}},"42":{"start":{"line":86,"column":2},"end":{"line":null,"column":-1}},"43":{"start":{"line":90,"column":16},"end":{"line":90,"column":2}},"44":{"start":{"line":91,"column":2},"end":{"line":null,"column":-1}},"45":{"start":{"line":92,"column":2},"end":{"line":null,"column":-1}},"46":{"start":{"line":93,"column":2},"end":{"line":null,"column":-1}},"47":{"start":{"line":95,"column":2},"end":{"line":null,"column":-1}},"48":{"start":{"line":99,"column":2},"end":{"line":null,"column":-1}},"49":{"start":{"line":103,"column":2},"end":{"line":null,"column":-1}},"50":{"start":{"line":107,"column":2},"end":{"line":null,"column":-1}},"51":{"start":{"line":108,"column":4},"end":{"line":null,"column":-1}}},"fnMap":{"0":{"name":"nameFromCodeGreffe","decl":{"start":{"line":5,"column":9},"end":{"line":5,"column":0}},"loc":{"start":{"line":5,"column":34},"end":{"line":7,"column":1}}},"1":{"name":"concatIfExist","decl":{"start":{"line":9,"column":9},"end":{"line":9,"column":0}},"loc":{"start":{"line":9,"column":69},"end":{"line":15,"column":1}}},"2":{"name":"FixeOrVariable","decl":{"start":{"line":17,"column":9},"end":{"line":17,"column":0}},"loc":{"start":{"line":17,"column":32},"end":{"line":24,"column":1}}},"3":{"name":"PrincipaleOrSecondaire","decl":{"start":{"line":26,"column":9},"end":{"line":26,"column":0}},"loc":{"start":{"line":26,"column":40},"end":{"line":33,"column":1}}},"4":{"name":"RNCSDeviseSentence","decl":{"start":{"line":35,"column":9},"end":{"line":35,"column":0}},"loc":{"start":{"line":35,"column":36},"end":{"line":43,"column":1}}},"5":{"name":"RNCSLastModification","decl":{"start":{"line":45,"column":9},"end":{"line":45,"column":0}},"loc":{"start":{"line":45,"column":38},"end":{"line":51,"column":1}}},"6":{"name":"RNCSConcatGreffe","decl":{"start":{"line":53,"column":9},"end":{"line":53,"column":0}},"loc":{"start":{"line":53,"column":34},"end":{"line":58,"column":1}}},"7":{"name":"RNCSConcatName","decl":{"start":{"line":60,"column":9},"end":{"line":60,"column":0}},"loc":{"start":{"line":60,"column":33},"end":{"line":65,"column":1}}},"8":{"name":"RNCSConcatAddress","decl":{"start":{"line":67,"column":9},"end":{"line":67,"column":0}},"loc":{"start":{"line":67,"column":34},"end":{"line":76,"column":1}}},"9":{"name":"RNCSConcatAddressRP","decl":{"start":{"line":78,"column":9},"end":{"line":78,"column":0}},"loc":{"start":{"line":78,"column":36},"end":{"line":87,"column":1}}},"10":{"name":"RNCSConcatAddressDAP","decl":{"start":{"line":89,"column":9},"end":{"line":89,"column":0}},"loc":{"start":{"line":89,"column":37},"end":{"line":96,"column":1}}},"11":{"name":"collabName","decl":{"start":{"line":98,"column":9},"end":{"line":98,"column":0}},"loc":{"start":{"line":98,"column":29},"end":{"line":100,"column":1}}},"12":{"name":"representName","decl":{"start":{"line":102,"column":9},"end":{"line":102,"column":0}},"loc":{"start":{"line":102,"column":32},"end":{"line":104,"column":1}}},"13":{"name":"(anonymous_14)","decl":{"start":{"line":106,"column":30},"end":{"line":106,"column":40}},"loc":{"start":{"line":106,"column":41},"end":{"line":106,"column":0}}},"14":{"name":"(anonymous_15)","decl":{"start":{"line":107,"column":69},"end":{"line":107,"column":78}},"loc":{"start":{"line":107,"column":86},"end":{"line":107,"column":9}}}},"branchMap":{"0":{"loc":{"start":{"line":10,"column":2},"end":{"line":14,"column":3}},"type":"if","locations":[{"start":{"line":10,"column":2},"end":{"line":14,"column":3}},{"start":{"line":10,"column":2},"end":{"line":14,"column":3}}]},"1":{"loc":{"start":{"line":18,"column":2},"end":{"line":22,"column":3}},"type":"if","locations":[{"start":{"line":18,"column":2},"end":{"line":22,"column":3}},{"start":{"line":18,"column":2},"end":{"line":22,"column":3}}]},"2":{"loc":{"start":{"line":20,"column":9},"end":{"line":22,"column":3}},"type":"if","locations":[{"start":{"line":20,"column":9},"end":{"line":22,"column":3}},{"start":{"line":20,"column":9},"end":{"line":22,"column":3}}]},"3":{"loc":{"start":{"line":27,"column":2},"end":{"line":31,"column":3}},"type":"if","locations":[{"start":{"line":27,"column":2},"end":{"line":31,"column":3}},{"start":{"line":27,"column":2},"end":{"line":31,"column":3}}]},"4":{"loc":{"start":{"line":29,"column":9},"end":{"line":31,"column":3}},"type":"if","locations":[{"start":{"line":29,"column":9},"end":{"line":31,"column":3}},{"start":{"line":29,"column":9},"end":{"line":31,"column":3}}]},"5":{"loc":{"start":{"line":47,"column":38},"end":{"line":47,"column":37}},"type":"binary-expr","locations":[{"start":{"line":47,"column":38},"end":{"line":47,"column":37}},{"start":{"line":47,"column":77},"end":{"line":47,"column":13}}]},"6":{"loc":{"start":{"line":69,"column":36},"end":{"line":69,"column":35}},"type":"binary-expr","locations":[{"start":{"line":69,"column":36},"end":{"line":69,"column":35}},{"start":{"line":69,"column":65},"end":{"line":69,"column":12}}]},"7":{"loc":{"start":{"line":71,"column":2},"end":{"line":73,"column":3}},"type":"if","locations":[{"start":{"line":71,"column":2},"end":{"line":73,"column":3}},{"start":{"line":71,"column":2},"end":{"line":73,"column":3}}]},"8":{"loc":{"start":{"line":71,"column":6},"end":{"line":71,"column":5}},"type":"binary-expr","locations":[{"start":{"line":71,"column":6},"end":{"line":71,"column":5}},{"start":{"line":71,"column":28},"end":{"line":71,"column":2}}]},"9":{"loc":{"start":{"line":80,"column":36},"end":{"line":80,"column":35}},"type":"binary-expr","locations":[{"start":{"line":80,"column":36},"end":{"line":80,"column":35}},{"start":{"line":80,"column":88},"end":{"line":80,"column":12}}]},"10":{"loc":{"start":{"line":82,"column":2},"end":{"line":84,"column":3}},"type":"if","locations":[{"start":{"line":82,"column":2},"end":{"line":84,"column":3}},{"start":{"line":82,"column":2},"end":{"line":84,"column":3}}]},"11":{"loc":{"start":{"line":82,"column":6},"end":{"line":82,"column":5}},"type":"binary-expr","locations":[{"start":{"line":82,"column":6},"end":{"line":82,"column":5}},{"start":{"line":82,"column":51},"end":{"line":82,"column":2}}]},"12":{"loc":{"start":{"line":91,"column":36},"end":{"line":91,"column":35}},"type":"binary-expr","locations":[{"start":{"line":91,"column":36},"end":{"line":91,"column":35}},{"start":{"line":91,"column":69},"end":{"line":91,"column":12}}]}},"s":{"0":0,"1":0,"2":0,"3":0,"4":0,"5":0,"6":0,"7":0,"8":0,"9":0,"10":0,"11":0,"12":0,"13":0,"14":0,"15":0,"16":0,"17":0,"18":0,"19":0,"20":0,"21":0,"22":0,"23":0,"24":0,"25":0,"26":0,"27":0,"28":0,"29":0,"30":0,"31":0,"32":0,"33":0,"34":0,"35":0,"36":0,"37":0,"38":0,"39":0,"40":0,"41":0,"42":0,"43":0,"44":0,"45":0,"46":0,"47":0,"48":0,"49":0,"50":0,"51":0},"f":{"0":0,"1":0,"2":0,"3":0,"4":0,"5":0,"6":0,"7":0,"8":0,"9":0,"10":0,"11":0,"12":0,"13":0,"14":0},"b":{"0":[0,0],"1":[0,0],"2":[0,0],"3":[0,0],"4":[0,0],"5":[0,0],"6":[0,0],"7":[0,0],"8":[0,0],"9":[0,0],"10":[0,0],"11":[0,0],"12":[0,0]}}
,"/home/zerh/projects/project_sirene/entreprise.data.gouv.fr/src/components/etablissement/etablissementRNCS/templates/PanelInfo.vue": {"path":"/home/zerh/projects/project_sirene/entreprise.data.gouv.fr/src/components/etablissement/etablissementRNCS/templates/PanelInfo.vue","statementMap":{"0":{"start":{"line":13,"column":0},"end":{"line":null,"column":-1}}},"fnMap":{},"branchMap":{},"s":{"0":0},"f":{},"b":{}}
,"/home/zerh/projects/project_sirene/entreprise.data.gouv.fr/src/components/etablissement/etablissementRNCS/templates/PanelInfoInline.vue": {"path":"/home/zerh/projects/project_sirene/entreprise.data.gouv.fr/src/components/etablissement/etablissementRNCS/templates/PanelInfoInline.vue","statementMap":{"0":{"start":{"line":13,"column":0},"end":{"line":null,"column":-1}}},"fnMap":{},"branchMap":{},"s":{"0":0},"f":{},"b":{}}
,"/home/zerh/projects/project_sirene/entreprise.data.gouv.fr/src/components/etablissement/etablissementRNCS/templates/PanelNoResults.vue": {"path":"/home/zerh/projects/project_sirene/entreprise.data.gouv.fr/src/components/etablissement/etablissementRNCS/templates/PanelNoResults.vue","statementMap":{"0":{"start":{"line":13,"column":0},"end":{"line":15,"column":0}},"1":{"start":{"line":14,"column":0},"end":{"line":null,"column":-1}},"2":{"start":{"line":16,"column":0},"end":{"line":null,"column":-1}}},"fnMap":{"0":{"name":"dataIsAvailable","decl":{"start":{"line":12,"column":0},"end":{"line":null,"column":-1}},"loc":{"start":{"line":12,"column":0},"end":{"line":17,"column":0}}}},"branchMap":{"0":{"loc":{"start":{"line":13,"column":0},"end":{"line":15,"column":0}},"type":"if","locations":[{"start":{"line":13,"column":0},"end":{"line":15,"column":0}},{"start":{"line":13,"column":0},"end":{"line":15,"column":0}}]},"1":{"loc":{"start":{"line":13,"column":0},"end":{"line":null,"column":-1}},"type":"binary-expr","locations":[{"start":{"line":13,"column":0},"end":{"line":null,"column":-1}},{"start":{"line":13,"column":0},"end":{"line":null,"column":-1}}]}},"s":{"0":0,"1":0,"2":0},"f":{"0":0},"b":{"0":[0,0],"1":[0,0]}}
,"/home/zerh/projects/project_sirene/entreprise.data.gouv.fr/src/components/etablissement/etablissementRNM/EtablissementRNMContact.vue": {"path":"/home/zerh/projects/project_sirene/entreprise.data.gouv.fr/src/components/etablissement/etablissementRNM/EtablissementRNMContact.vue","statementMap":{"0":{"start":{"line":14,"column":0},"end":{"line":null,"column":-1}},"1":{"start":{"line":20,"column":0},"end":{"line":null,"column":-1}}},"fnMap":{"0":{"name":"resultRNM","decl":{"start":{"line":19,"column":0},"end":{"line":null,"column":-1}},"loc":{"start":{"line":19,"column":0},"end":{"line":21,"column":0}}}},"branchMap":{},"s":{"0":1,"1":0},"f":{"0":0},"b":{}}
,"/home/zerh/projects/project_sirene/entreprise.data.gouv.fr/src/components/etablissement/etablissementRNM/EtablissementRNMInfo.vue": {"path":"/home/zerh/projects/project_sirene/entreprise.data.gouv.fr/src/components/etablissement/etablissementRNM/EtablissementRNMInfo.vue","statementMap":{"0":{"start":{"line":14,"column":0},"end":{"line":null,"column":-1}},"1":{"start":{"line":20,"column":0},"end":{"line":null,"column":-1}}},"fnMap":{"0":{"name":"resultRNM","decl":{"start":{"line":19,"column":0},"end":{"line":null,"column":-1}},"loc":{"start":{"line":19,"column":0},"end":{"line":21,"column":0}}}},"branchMap":{},"s":{"0":1,"1":0},"f":{"0":0},"b":{}}
,"/home/zerh/projects/project_sirene/entreprise.data.gouv.fr/src/components/etablissement/etablissementSirene/EtablissementSireneChildren.vue": {"path":"/home/zerh/projects/project_sirene/entreprise.data.gouv.fr/src/components/etablissement/etablissementSirene/EtablissementSireneChildren.vue","statementMap":{"0":{"start":{"line":30,"column":0},"end":{"line":null,"column":-1}},"1":{"start":{"line":31,"column":0},"end":{"line":null,"column":-1}},"2":{"start":{"line":36,"column":0},"end":{"line":null,"column":-1}},"3":{"start":{"line":43,"column":0},"end":{"line":null,"column":-1}},"4":{"start":{"line":46,"column":0},"end":{"line":null,"column":-1}},"5":{"start":{"line":49,"column":0},"end":{"line":null,"column":-1}},"6":{"start":{"line":50,"column":0},"end":{"line":null,"column":-1}},"7":{"start":{"line":53,"column":0},"end":{"line":null,"column":-1}},"8":{"start":{"line":57,"column":0},"end":{"line":null,"column":-1}},"9":{"start":{"line":60,"column":0},"end":{"line":null,"column":-1}},"10":{"start":{"line":63,"column":0},"end":{"line":65,"column":0}},"11":{"start":{"line":64,"column":0},"end":{"line":null,"column":-1}},"12":{"start":{"line":66,"column":0},"end":{"line":68,"column":0}},"13":{"start":{"line":67,"column":0},"end":{"line":null,"column":-1}},"14":{"start":{"line":69,"column":0},"end":{"line":null,"column":-1}},"15":{"start":{"line":72,"column":0},"end":{"line":null,"column":-1}},"16":{"start":{"line":77,"column":0},"end":{"line":null,"column":-1}},"17":{"start":{"line":78,"column":0},"end":{"line":null,"column":-1}},"18":{"start":{"line":81,"column":0},"end":{"line":null,"column":-1}},"19":{"start":{"line":82,"column":0},"end":{"line":null,"column":-1}}},"fnMap":{"0":{"name":"data","decl":{"start":{"line":35,"column":0},"end":{"line":null,"column":-1}},"loc":{"start":{"line":35,"column":0},"end":{"line":40,"column":0}}},"1":{"name":"resultSirene","decl":{"start":{"line":42,"column":0},"end":{"line":null,"column":-1}},"loc":{"start":{"line":42,"column":0},"end":{"line":44,"column":0}}},"2":{"name":"resultSiegeSocial","decl":{"start":{"line":45,"column":0},"end":{"line":null,"column":-1}},"loc":{"start":{"line":45,"column":0},"end":{"line":47,"column":0}}},"3":{"name":"resultOtherSirens","decl":{"start":{"line":48,"column":0},"end":{"line":null,"column":-1}},"loc":{"start":{"line":48,"column":0},"end":{"line":51,"column":0}}},"4":{"name":"haveChildrenEtablissements","decl":{"start":{"line":52,"column":0},"end":{"line":null,"column":-1}},"loc":{"start":{"line":52,"column":0},"end":{"line":54,"column":0}}},"5":{"name":"totalResultsOtherSirens","decl":{"start":{"line":55,"column":0},"end":{"line":null,"column":-1}},"loc":{"start":{"line":55,"column":0},"end":{"line":58,"column":0}}},"6":{"name":"maxChildrenEtablissements","decl":{"start":{"line":59,"column":0},"end":{"line":null,"column":-1}},"loc":{"start":{"line":59,"column":0},"end":{"line":61,"column":0}}},"7":{"name":"isSiegeSocial","decl":{"start":{"line":62,"column":0},"end":{"line":null,"column":-1}},"loc":{"start":{"line":62,"column":0},"end":{"line":70,"column":0}}},"8":{"name":"thereAreMoreThanMaxChildren","decl":{"start":{"line":71,"column":0},"end":{"line":null,"column":-1}},"loc":{"start":{"line":71,"column":0},"end":{"line":73,"column":0}}},"9":{"name":"showAllChildren","decl":{"start":{"line":76,"column":0},"end":{"line":null,"column":-1}},"loc":{"start":{"line":76,"column":0},"end":{"line":79,"column":0}}},"10":{"name":"hideAllChildren","decl":{"start":{"line":80,"column":0},"end":{"line":null,"column":-1}},"loc":{"start":{"line":80,"column":0},"end":{"line":83,"column":0}}}},"branchMap":{"0":{"loc":{"start":{"line":46,"column":0},"end":{"line":null,"column":-1}},"type":"binary-expr","locations":[{"start":{"line":46,"column":0},"end":{"line":null,"column":-1}},{"start":{"line":46,"column":0},"end":{"line":null,"column":-1}}]},"1":{"loc":{"start":{"line":63,"column":0},"end":{"line":65,"column":0}},"type":"if","locations":[{"start":{"line":63,"column":0},"end":{"line":65,"column":0}},{"start":{"line":63,"column":0},"end":{"line":65,"column":0}}]},"2":{"loc":{"start":{"line":66,"column":0},"end":{"line":68,"column":0}},"type":"if","locations":[{"start":{"line":66,"column":0},"end":{"line":68,"column":0}},{"start":{"line":66,"column":0},"end":{"line":68,"column":0}}]}},"s":{"0":2,"1":2,"2":0,"3":0,"4":0,"5":0,"6":0,"7":0,"8":0,"9":0,"10":0,"11":0,"12":0,"13":0,"14":0,"15":0,"16":0,"17":0,"18":0,"19":0},"f":{"0":0,"1":0,"2":0,"3":0,"4":0,"5":0,"6":0,"7":0,"8":0,"9":0,"10":0},"b":{"0":[0,0],"1":[0,0],"2":[0,0]}}
,"/home/zerh/projects/project_sirene/entreprise.data.gouv.fr/src/components/etablissement/etablissementSirene/EtablissementSireneContact.vue": {"path":"/home/zerh/projects/project_sirene/entreprise.data.gouv.fr/src/components/etablissement/etablissementSirene/EtablissementSireneContact.vue","statementMap":{"0":{"start":{"line":16,"column":0},"end":{"line":null,"column":-1}},"1":{"start":{"line":17,"column":0},"end":{"line":null,"column":-1}},"2":{"start":{"line":23,"column":0},"end":{"line":null,"column":-1}},"3":{"start":{"line":27,"column":0},"end":{"line":null,"column":-1}},"4":{"start":{"line":28,"column":0},"end":{"line":null,"column":-1}},"5":{"start":{"line":29,"column":0},"end":{"line":31,"column":0}},"6":{"start":{"line":30,"column":0},"end":{"line":null,"column":-1}},"7":{"start":{"line":32,"column":0},"end":{"line":36,"column":0}},"8":{"start":{"line":33,"column":0},"end":{"line":null,"column":-1}},"9":{"start":{"line":35,"column":0},"end":{"line":null,"column":-1}},"10":{"start":{"line":39,"column":0},"end":{"line":41,"column":0}},"11":{"start":{"line":40,"column":0},"end":{"line":null,"column":-1}},"12":{"start":{"line":42,"column":0},"end":{"line":null,"column":-1}},"13":{"start":{"line":43,"column":0},"end":{"line":null,"column":-1}},"14":{"start":{"line":44,"column":0},"end":{"line":null,"column":-1}},"15":{"start":{"line":45,"column":0},"end":{"line":null,"column":-1}}},"fnMap":{"0":{"name":"resultSirene","decl":{"start":{"line":22,"column":0},"end":{"line":null,"column":-1}},"loc":{"start":{"line":22,"column":0},"end":{"line":24,"column":0}}},"1":{"name":"fullOwnerName","decl":{"start":{"line":26,"column":0},"end":{"line":null,"column":-1}},"loc":{"start":{"line":26,"column":0},"end":{"line":37,"column":0}}},"2":{"name":"formattedDate","decl":{"start":{"line":38,"column":0},"end":{"line":null,"column":-1}},"loc":{"start":{"line":38,"column":0},"end":{"line":46,"column":0}}}},"branchMap":{"0":{"loc":{"start":{"line":29,"column":0},"end":{"line":31,"column":0}},"type":"if","locations":[{"start":{"line":29,"column":0},"end":{"line":31,"column":0}},{"start":{"line":29,"column":0},"end":{"line":31,"column":0}}]},"1":{"loc":{"start":{"line":32,"column":0},"end":{"line":36,"column":0}},"type":"if","locations":[{"start":{"line":32,"column":0},"end":{"line":36,"column":0}},{"start":{"line":32,"column":0},"end":{"line":36,"column":0}}]},"2":{"loc":{"start":{"line":39,"column":0},"end":{"line":41,"column":0}},"type":"if","locations":[{"start":{"line":39,"column":0},"end":{"line":41,"column":0}},{"start":{"line":39,"column":0},"end":{"line":41,"column":0}}]}},"s":{"0":3,"1":3,"2":1,"3":0,"4":0,"5":0,"6":0,"7":0,"8":0,"9":0,"10":1,"11":1,"12":0,"13":0,"14":0,"15":0},"f":{"0":1,"1":0,"2":1},"b":{"0":[0,0],"1":[0,0],"2":[1,0]}}
,"/home/zerh/projects/project_sirene/entreprise.data.gouv.fr/src/components/etablissement/etablissementSirene/EtablissementSireneInfo.vue": {"path":"/home/zerh/projects/project_sirene/entreprise.data.gouv.fr/src/components/etablissement/etablissementSirene/EtablissementSireneInfo.vue","statementMap":{"0":{"start":{"line":18,"column":0},"end":{"line":null,"column":-1}},"1":{"start":{"line":24,"column":0},"end":{"line":null,"column":-1}},"2":{"start":{"line":27,"column":0},"end":{"line":null,"column":-1}},"3":{"start":{"line":28,"column":0},"end":{"line":null,"column":-1}},"4":{"start":{"line":29,"column":0},"end":{"line":null,"column":-1}}},"fnMap":{"0":{"name":"resultSirene","decl":{"start":{"line":23,"column":0},"end":{"line":null,"column":-1}},"loc":{"start":{"line":23,"column":0},"end":{"line":25,"column":0}}},"1":{"name":"tvaIntracommunautaire","decl":{"start":{"line":26,"column":0},"end":{"line":null,"column":-1}},"loc":{"start":{"line":26,"column":0},"end":{"line":30,"column":0}}}},"branchMap":{},"s":{"0":3,"1":1,"2":1,"3":1,"4":1},"f":{"0":1,"1":1},"b":{}}
,"/home/zerh/projects/project_sirene/entreprise.data.gouv.fr/src/components/etablissement/templates/LineInPanel.vue": {"path":"/home/zerh/projects/project_sirene/entreprise.data.gouv.fr/src/components/etablissement/templates/LineInPanel.vue","statementMap":{"0":{"start":{"line":9,"column":0},"end":{"line":null,"column":-1}}},"fnMap":{},"branchMap":{},"s":{"0":1},"f":{},"b":{}}
,"/home/zerh/projects/project_sirene/entreprise.data.gouv.fr/src/components/mixins/colors.js": {"path":"/home/zerh/projects/project_sirene/entreprise.data.gouv.fr/src/components/mixins/colors.js","statementMap":{},"fnMap":{},"branchMap":{},"s":{},"f":{},"b":{},"_coverageSchema":"332fd63041d2c1bcb487cc26dd0d5f7d97098a6c","hash":"59224d73fd0ba64ae0d8ceb79ef85fbf9227118e"}
,"/home/zerh/projects/project_sirene/entreprise.data.gouv.fr/src/components/mixins/filters.js": {"path":"/home/zerh/projects/project_sirene/entreprise.data.gouv.fr/src/components/mixins/filters.js","statementMap":{"0":{"start":{"line":4,"column":6},"end":{"line":6,"column":7}},"1":{"start":{"line":5,"column":8},"end":{"line":5,"column":19}},"2":{"start":{"line":7,"column":6},"end":{"line":7,"column":75}},"3":{"start":{"line":10,"column":6},"end":{"line":12,"column":7}},"4":{"start":{"line":11,"column":8},"end":{"line":11,"column":19}},"5":{"start":{"line":13,"column":6},"end":{"line":13,"column":33}},"6":{"start":{"line":16,"column":6},"end":{"line":18,"column":7}},"7":{"start":{"line":17,"column":8},"end":{"line":17,"column":21}},"8":{"start":{"line":19,"column":6},"end":{"line":19,"column":28}},"9":{"start":{"line":22,"column":6},"end":{"line":24,"column":7}},"10":{"start":{"line":23,"column":8},"end":{"line":23,"column":19}},"11":{"start":{"line":25,"column":30},"end":{"line":25,"column":56}},"12":{"start":{"line":26,"column":37},"end":{"line":26,"column":72}},"13":{"start":{"line":28,"column":6},"end":{"line":28,"column":75}},"14":{"start":{"line":31,"column":6},"end":{"line":33,"column":7}},"15":{"start":{"line":32,"column":8},"end":{"line":32,"column":46}},"16":{"start":{"line":34,"column":6},"end":{"line":34,"column":19}},"17":{"start":{"line":37,"column":6},"end":{"line":41,"column":7}},"18":{"start":{"line":38,"column":8},"end":{"line":38,"column":27}},"19":{"start":{"line":40,"column":8},"end":{"line":40,"column":21}},"20":{"start":{"line":44,"column":6},"end":{"line":44,"column":87}},"21":{"start":{"line":47,"column":6},"end":{"line":49,"column":7}},"22":{"start":{"line":48,"column":8},"end":{"line":48,"column":19}},"23":{"start":{"line":50,"column":6},"end":{"line":50,"column":69}},"24":{"start":{"line":53,"column":6},"end":{"line":55,"column":7}},"25":{"start":{"line":54,"column":8},"end":{"line":54,"column":19}},"26":{"start":{"line":57,"column":25},"end":{"line":57,"column":54}},"27":{"start":{"line":59,"column":6},"end":{"line":61,"column":7}},"28":{"start":{"line":60,"column":8},"end":{"line":60,"column":71}},"29":{"start":{"line":62,"column":6},"end":{"line":62,"column":18}},"30":{"start":{"line":65,"column":6},"end":{"line":67,"column":7}},"31":{"start":{"line":66,"column":8},"end":{"line":66,"column":19}},"32":{"start":{"line":69,"column":6},"end":{"line":69,"column":56}},"33":{"start":{"line":72,"column":6},"end":{"line":74,"column":7}},"34":{"start":{"line":73,"column":8},"end":{"line":73,"column":19}},"35":{"start":{"line":76,"column":6},"end":{"line":76,"column":79}},"36":{"start":{"line":79,"column":6},"end":{"line":81,"column":7}},"37":{"start":{"line":80,"column":8},"end":{"line":80,"column":19}},"38":{"start":{"line":82,"column":6},"end":{"line":82,"column":56}},"39":{"start":{"line":85,"column":6},"end":{"line":87,"column":7}},"40":{"start":{"line":86,"column":8},"end":{"line":86,"column":19}},"41":{"start":{"line":89,"column":6},"end":{"line":89,"column":62}},"42":{"start":{"line":92,"column":6},"end":{"line":94,"column":7}},"43":{"start":{"line":93,"column":8},"end":{"line":93,"column":19}},"44":{"start":{"line":96,"column":6},"end":{"line":96,"column":97}},"45":{"start":{"line":99,"column":6},"end":{"line":103,"column":7}},"46":{"start":{"line":100,"column":8},"end":{"line":100,"column":58}},"47":{"start":{"line":102,"column":8},"end":{"line":102,"column":21}},"48":{"start":{"line":108,"column":6},"end":{"line":110,"column":7}},"49":{"start":{"line":109,"column":8},"end":{"line":109,"column":41}},"50":{"start":{"line":111,"column":6},"end":{"line":111,"column":17}}},"fnMap":{"0":{"name":"(anonymous_0)","decl":{"start":{"line":3,"column":16},"end":{"line":3,"column":17}},"loc":{"start":{"line":3,"column":34},"end":{"line":8,"column":5}},"line":3},"1":{"name":"(anonymous_1)","decl":{"start":{"line":9,"column":15},"end":{"line":9,"column":16}},"loc":{"start":{"line":9,"column":33},"end":{"line":14,"column":5}},"line":9},"2":{"name":"(anonymous_2)","decl":{"start":{"line":15,"column":13},"end":{"line":15,"column":14}},"loc":{"start":{"line":15,"column":31},"end":{"line":20,"column":5}},"line":15},"3":{"name":"(anonymous_3)","decl":{"start":{"line":21,"column":22},"end":{"line":21,"column":23}},"loc":{"start":{"line":21,"column":40},"end":{"line":29,"column":5}},"line":21},"4":{"name":"(anonymous_4)","decl":{"start":{"line":30,"column":14},"end":{"line":30,"column":15}},"loc":{"start":{"line":30,"column":32},"end":{"line":35,"column":5}},"line":30},"5":{"name":"(anonymous_5)","decl":{"start":{"line":36,"column":26},"end":{"line":36,"column":27}},"loc":{"start":{"line":36,"column":49},"end":{"line":42,"column":5}},"line":36},"6":{"name":"(anonymous_6)","decl":{"start":{"line":43,"column":24},"end":{"line":43,"column":25}},"loc":{"start":{"line":43,"column":40},"end":{"line":45,"column":5}},"line":43},"7":{"name":"(anonymous_7)","decl":{"start":{"line":46,"column":22},"end":{"line":46,"column":23}},"loc":{"start":{"line":46,"column":38},"end":{"line":51,"column":5}},"line":46},"8":{"name":"(anonymous_8)","decl":{"start":{"line":52,"column":18},"end":{"line":52,"column":19}},"loc":{"start":{"line":52,"column":34},"end":{"line":63,"column":5}},"line":52},"9":{"name":"(anonymous_9)","decl":{"start":{"line":64,"column":17},"end":{"line":64,"column":18}},"loc":{"start":{"line":64,"column":34},"end":{"line":70,"column":5}},"line":64},"10":{"name":"(anonymous_10)","decl":{"start":{"line":71,"column":17},"end":{"line":71,"column":18}},"loc":{"start":{"line":71,"column":34},"end":{"line":77,"column":5}},"line":71},"11":{"name":"(anonymous_11)","decl":{"start":{"line":78,"column":21},"end":{"line":78,"column":22}},"loc":{"start":{"line":78,"column":38},"end":{"line":83,"column":5}},"line":78},"12":{"name":"(anonymous_12)","decl":{"start":{"line":84,"column":21},"end":{"line":84,"column":22}},"loc":{"start":{"line":84,"column":38},"end":{"line":90,"column":5}},"line":84},"13":{"name":"(anonymous_13)","decl":{"start":{"line":91,"column":21},"end":{"line":91,"column":22}},"loc":{"start":{"line":91,"column":38},"end":{"line":97,"column":5}},"line":91},"14":{"name":"(anonymous_14)","decl":{"start":{"line":98,"column":24},"end":{"line":98,"column":25}},"loc":{"start":{"line":98,"column":41},"end":{"line":104,"column":5}},"line":98}},"branchMap":{"0":{"loc":{"start":{"line":4,"column":6},"end":{"line":6,"column":7}},"type":"if","locations":[{"start":{"line":4,"column":6},"end":{"line":6,"column":7}},{"start":{"line":4,"column":6},"end":{"line":6,"column":7}}],"line":4},"1":{"loc":{"start":{"line":10,"column":6},"end":{"line":12,"column":7}},"type":"if","locations":[{"start":{"line":10,"column":6},"end":{"line":12,"column":7}},{"start":{"line":10,"column":6},"end":{"line":12,"column":7}}],"line":10},"2":{"loc":{"start":{"line":16,"column":6},"end":{"line":18,"column":7}},"type":"if","locations":[{"start":{"line":16,"column":6},"end":{"line":18,"column":7}},{"start":{"line":16,"column":6},"end":{"line":18,"column":7}}],"line":16},"3":{"loc":{"start":{"line":16,"column":10},"end":{"line":16,"column":36}},"type":"binary-expr","locations":[{"start":{"line":16,"column":10},"end":{"line":16,"column":16}},{"start":{"line":16,"column":20},"end":{"line":16,"column":36}}],"line":16},"4":{"loc":{"start":{"line":22,"column":6},"end
[...]
,"column":10}}},"7":{"name":"(anonymous_10)","decl":{"start":{"line":28,"column":16},"end":{"line":44,"column":31}},"loc":{"start":{"line":28,"column":16},"end":{"line":null,"column":-1}}},"8":{"name":"(anonymous_14)","decl":{"start":{"line":28,"column":16},"end":{"line":55,"column":34}},"loc":{"start":{"line":28,"column":16},"end":{"line":null,"column":-1}}},"9":{"name":"searchAdditionalInfoSirene","decl":{"start":{"line":28,"column":16},"end":{"line":64,"column":28}},"loc":{"start":{"line":64,"column":44},"end":{"line":28,"column":16}}},"10":{"name":"(anonymous_19)","decl":{"start":{"line":69,"column":10},"end":{"line":69,"column":21}},"loc":{"start":{"line":69,"column":22},"end":{"line":68,"column":4}}},"11":{"name":"(anonymous_20)","decl":{"start":{"line":72,"column":11},"end":{"line":72,"column":22}},"loc":{"start":{"line":72,"column":23},"end":{"line":68,"column":4}}},"12":{"name":"(anonymous_21)","decl":{"start":{"line":75,"column":13},"end":{"line":75,"column":18}},"loc":{"start":{"line":75,"column":13},"end":{"line":68,"column":4}}}},"branchMap":{"0":{"loc":{"start":{"line":15,"column":4},"end":{"line":17,"column":5}},"type":"if","locations":[{"start":{"line":15,"column":4},"end":{"line":17,"column":5}},{"start":{"line":15,"column":4},"end":{"line":17,"column":5}}]},"1":{"loc":{"start":{"line":21,"column":4},"end":{"line":23,"column":5}},"type":"if","locations":[{"start":{"line":21,"column":4},"end":{"line":23,"column":5}},{"start":{"line":21,"column":4},"end":{"line":23,"column":5}}]},"2":{"loc":{"start":{"line":28,"column":16},"end":{"line":null,"column":-1}},"type":"switch","locations":[{"start":{"line":28,"column":16},"end":{"line":null,"column":-1}},{"start":{"line":28,"column":16},"end":{"line":null,"column":-1}},{"start":{"line":28,"column":16},"end":{"line":null,"column":-1}}]},"3":{"loc":{"start":{"line":28,"column":16},"end":{"line":null,"column":-1}},"type":"switch","locations":[{"start":{"line":28,"column":16},"end":{"line":null,"column":-1}},{"start":{"line":28,"column":16},"end":{"line":null,"column":-1}},{"start":{"line":28,"column":16},"end":{"line":null,"column":-1}},{"start":{"line":28,"column":16},"end":{"line":28,"column":15}},{"start":{"line":28,"column":16},"end":{"line":null,"column":-1}},{"start":{"line":28,"column":16},"end":{"line":null,"column":-1}}]},"4":{"loc":{"start":{"line":28,"column":16},"end":{"line":null,"column":-1}},"type":"if","locations":[{"start":{"line":28,"column":16},"end":{"line":null,"column":-1}},{"start":{"line":28,"column":16},"end":{"line":null,"column":-1}}]}},"s":{"0":0,"1":0,"2":0,"3":0,"4":0,"5":0,"6":0,"7":0,"8":0,"9":0,"10":0,"11":0,"12":0,"13":0,"14":0,"15":0,"16":0,"17":0,"18":0,"19":0,"20":0,"21":0,"22":0,"23":0},"f":{"0":0,"1":0,"2":0,"3":0,"4":0,"5":0,"6":0,"7":0,"8":0,"9":0,"10":0,"11":0,"12":0},"b":{"0":[0,0],"1":[0,0],"2":[0,0,0],"3":[0,0,0,0,0,0],"4":[0,0]}}
,"/home/zerh/projects/project_sirene/entreprise.data.gouv.fr/src/store/modules/searchEtablissement.js": {"path":"/home/zerh/projects/project_sirene/entreprise.data.gouv.fr/src/store/modules/searchEtablissement.js","statementMap":{"0":{"start":{"line":2,"column":0},"end":{"line":null,"column":-1}},"1":{"start":{"line":3,"column":0},"end":{"line":null,"column":-1}},"2":{"start":{"line":4,"column":0},"end":{"line":null,"column":-1}},"3":{"start":{"line":6,"column":14},"end":{"line":6,"column":0}},"4":{"start":{"line":18,"column":16},"end":{"line":18,"column":0}},"5":{"start":{"line":18,"column":16},"end":{"line":null,"column":-1}},"6":{"start":{"line":21,"column":10},"end":{"line":18,"column":16}},"7":{"start":{"line":18,"column":16},"end":{"line":25,"column":13}},"8":{"start":{"line":18,"column":16},"end":{"line":28,"column":13}},"9":{"start":{"line":34,"column":8},"end":{"line":18,"column":16}},"10":{"start":{"line":36,"column":4},"end":{"line":18,"column":16}},"11":{"start":{"line":43,"column":4},"end":{"line":18,"column":16}},"12":{"start":{"line":50,"column":6},"end":{"line":18,"column":16}},"13":{"start":{"line":53,"column":6},"end":{"line":18,"column":16}},"14":{"start":{"line":59,"column":4},"end":{"line":18,"column":16}},"15":{"start":{"line":18,"column":16},"end":{"line":18,"column":15}},"16":{"start":{"line":63,"column":4},"end":{"line":18,"column":16}},"17":{"start":{"line":66,"column":8},"end":{"line":null,"column":-1}},"18":{"start":{"line":69,"column":8},"end":{"line":null,"column":-1}},"19":{"start":{"line":71,"column":15},"end":{"line":64,"column":9}},"20":{"start":{"line":75,"column":4},"end":{"line":18,"column":16}},"21":{"start":{"line":78,"column":8},"end":{"line":null,"column":-1}},"22":{"start":{"line":81,"column":8},"end":{"line":null,"column":-1}},"23":{"start":{"line":83,"column":15},"end":{"line":76,"column":9}},"24":{"start":{"line":90,"column":8},"end":{"line":null,"column":-1}},"25":{"start":{"line":93,"column":8},"end":{"line":null,"column":-1}},"26":{"start":{"line":95,"column":15},"end":{"line":88,"column":9}},"27":{"start":{"line":98,"column":2},"end":{"line":18,"column":15}},"28":{"start":{"line":98,"column":18},"end":{"line":98,"column":1}},"29":{"start":{"line":98,"column":18},"end":{"line":null,"column":-1}}},"fnMap":{"0":{"name":"(anonymous_1)","decl":{"start":{"line":18,"column":16},"end":{"line":19,"column":34}},"loc":{"start":{"line":18,"column":16},"end":{"line":null,"column":-1}}},"1":{"name":"_callee$","decl":{"start":{"line":18,"column":16},"end":{"line":null,"column":-1}},"loc":{"start":{"line":18,"column":16},"end":{"line":null,"column":-1}}},"2":{"name":"(anonymous_5)","decl":{"start":{"line":18,"column":16},"end":{"line":39,"column":36}},"loc":{"start":{"line":18,"column":16},"end":{"line":null,"column":-1}}},"3":{"name":"(anonymous_9)","decl":{"start":{"line":18,"column":16},"end":{"line":46,"column":36}},"loc":{"start":{"line":18,"column":16},"end":{"line":null,"column":-1}}},"4":{"name":"(anonymous_13)","decl":{"start":{"line":18,"column":16},"end":{"line":57,"column":44}},"loc":{"start":{"line":18,"column":16},"end":{"line":null,"column":-1}}},"5":{"name":"(anonymous_17)","decl":{"start":{"line":18,"column":16},"end":{"line":62,"column":28}},"loc":{"start":{"line":18,"column":16},"end":{"line":null,"column":-1}}},"6":{"name":"(anonymous_20)","decl":{"start":{"line":65,"column":12},"end":{"line":65,"column":23}},"loc":{"start":{"line":65,"column":24},"end":{"line":64,"column":10}}},"7":{"name":"(anonymous_21)","decl":{"start":{"line":68,"column":13},"end":{"line":68,"column":24}},"loc":{"start":{"line":68,"column":25},"end":{"line":64,"column":10}}},"8":{"name":"(anonymous_22)","decl":{"start":{"line":71,"column":15},"end":{"line":71,"column":20}},"loc":{"start":{"line":71,"column":15},"end":{"line":64,"column":10}}},"9":{"name":"(anonymous_24)","decl":{"start":{"line":18,"column":16},"end":{"line":74,"column":36}},"loc":{"start":{"line":18,"column":16},"end":{"line":null,"column":-1}}},"10":{"name":"(anonymous_27)","decl":{"start":{"line":77,"column":12},"end":{"line":77,"column":23}},"loc":{"start":{"line":77,"column":24},"end":{"line":76,"column":10}}},"11":{"name":"(anonymous_28)","decl":{"start":{"line":80,"column":13},"end":{"line":80,"column":24}},"loc":{"start":{"line":80,"column":25},"end":{"line":76,"column":10}}},"12":{"name":"(anonymous_29)","decl":{"start":{"line":83,"column":15},"end":{"line":83,"column":20}},"loc":{"start":{"line":83,"column":15},"end":{"line":76,"column":10}}},"13":{"name":"(anonymous_31)","decl":{"start":{"line":18,"column":16},"end":{"line":87,"column":28}},"loc":{"start":{"line":18,"column":16},"end":{"line":null,"column":-1}}},"14":{"name":"(anonymous_34)","decl":{"start":{"line":89,"column":12},"end":{"line":89,"column":23}},"loc":{"start":{"line":89,"column":24},"end":{"line":88,"column":10}}},"15":{"name":"(anonymous_35)","decl":{"start":{"line":92,"column":13},"end":{"line":92,"column":13}},"loc":{"start":{"line":92,"column":27},"end":{"line":88,"column":10}}},"16":{"name":"(anonymous_36)","decl":{"start":{"line":95,"column":15},"end":{"line":95,"column":20}},"loc":{"start":{"line":95,"column":15},"end":{"line":88,"column":10}}},"17":{"name":"(anonymous_38)","decl":{"start":{"line":98,"column":2},"end":{"line":98,"column":17}},"loc":{"start":{"line":98,"column":2},"end":{"line":18,"column":15}}},"18":{"name":"_callee8","decl":{"start":{"line":98,"column":18},"end":{"line":98,"column":33}},"loc":{"start":{"line":98,"column":18},"end":{"line":98,"column":2}}},"19":{"name":"_callee8$","decl":{"start":{"line":98,"column":18},"end":{"line":null,"column":-1}},"loc":{"start":{"line":98,"column":18},"end":{"line":98,"column":1}}},"20":{"name":"sendAPIRequest","decl":{"start":{"line":98,"column":2},"end":{"line":18,"column":15}},"loc":{"start":{"line":98,"column":2},"end":{"line":18,"column":15}}}},"branchMap":{"0":{"loc":{"start":{"line":18,"column":16},"end":{"line":null,"column":-1}},"type":"switch","locations":[{"start":{"line":18,"column":16},"end":{"line":null,"column":-1}},{"start":{"line":18,"column":16},"end":{"line":25,"column":13}},{"start":{"line":18,"column":16},"end":{"line":28,"column":13}},{"start":{"line":18,"column":16},"end":{"line":28,"column":13}},{"start":{"line":18,"column":16},"end":{"line":null,"column":-1}},{"start":{"line":18,"column":16},"end":{"line":null,"column":-1}},{"start":{"line":18,"column":16},"end":{"line":null,"column":-1}},{"start":{"line":18,"column":16},"end":{"line":null,"column":-1}},{"start":{"line":18,"column":16},"end":{"line":18,"column":15}},{"start":{"line":18,"column":16},"end":{"line":18,"column":15}},{"start":{"line":18,"column":16},"end":{"line":null,"column":-1}},{"start":{"line":18,"column":16},"end":{"line":null,"column":-1}}]},"1":{"loc":{"start":{"line":18,"column":16},"end":{"line":null,"column":-1}},"type":"cond-expr","locations":[{"start":{"line":18,"column":16},"end":{"line":null,"column":-1}},{"start":{"line":18,"column":16},"end":{"line":25,"column":13}}]},"2":{"loc":{"start":{"line":18,"column":16},"end":{"line":25,"column":13}},"type":"cond-expr","locations":[{"start":{"line":18,"column":16},"end":{"line":25,"column":13}},{"start":{"line":18,"column":16},"end":{"line":25,"column":13}}]},"3":{"loc":{"start":{"line":18,"column":16},"end":{"line":null,"column":-1}},"type":"switch","locations":[{"start":{"line":18,"column":16},"end":{"line":null,"column":-1}},{"start":{"line":18,"column":16},"end":{"line":null,"column":-1}},{"start":{"line":18,"column":16},"end":{"line":18,"column":15}},{"start":{"line":18,"column":16},"end":{"line":null,"column":-1}},{"start":{"line":18,"column":16},"end":{"line":null,"column":-1}}]},"4":{"loc":{"start":{"line":18,"column":16},"end":{"line":null,"column":-1}},"type":"if","locations":[{"start":{"line":18,"column":16},"end":{"line":null,"column":-1}},{"start":{"line":18,"column":16},"end":{"line":null,"column":-1}}]},"5":{"loc":{"start":{"line":18,"column":16},"end":{"line":null,"column":-1}},"type":"switch","locations":[{"start":{"line":18,"column":16},"end":{"line":null,"column":-1}},{"start":{"line":18,"column":16},"end":{"line":null,"column":-1}},{"start":{"line":18,"column":16},"end":{"line":null,"column":-1}},{"start":{"line":18,"column":16},"end":{"line":18,"column":15}},{"start":{"line":18,"column":16},"end":{"line":null,"column":-1}},{"start":{"line":18,"column":16},"end":{"line":null,"column":-1}}]},"6":{"loc":{"start":{"line":18,"column":16},"end":{"line":null,"column":-1}},"type":"switch","locations":[{"start":{"line":18,"column":16},"end":{"line":null,"column":-1}},{"start":{"line":18,"column":16},"end":{"line":18,"column":15}},{"start":{"line":18,"column":16},"end":{"line":null,"column":-1}},{"start":{"line":18,"column":16},"end":{"line":null,"column":-1}}]},"7":{"loc":{"start":{"line":18,"column":16},"end":{"line":null,"column":-1}},"type":"switch","locations":[{"start":{"line":18,"column":16},"end":{"line":null,"column":-1}},{"start":{"line":18,"column":16},"end":{"line":null,"column":-1}},{"start":{"line":18,"column":16},"end":{"line":null,"column":-1}}]},"8":{"loc":{"start":{"line":98,"column":18},"end":{"line":98,"column":1}},"type":"switch","locations":[{"start":{"line":98,"column":18},"end":{"line":98,"column":1}},{"start":{"line":98,"column":18},"end":{"line":98,"column":1}},{"start":{"line":98,"column":18},"end":{"line":98,"column":1}},{"start":{"line":98,"column":18},"end":{"line":98,"column":1}}]}},"s":{"0":0,"1":0,"2":0,"3":0,"4":0,"5":0,"6":0,"7":0,"8":0,"9":0,"10":0,"11":0,"12":0,"13":0,"14":0,"15":0,"16":0,"17":0,"18":0,"19":0,"20":0,"21":0,"22":0,"23":0,"24":0,"25":0,"26":0,"27":0,"28":0,"29":0},"f":{"0":0,"1":0,"2":0,"3":0,"4":0,"5":0,"6":0,"7":0,"8":0,"9":0,"10":0,"11":0,"12":0,"13":0,"14":0,"15":0,"16":0,"17":0,"18":0,"19":0,"20":0},"b":{"0":[0,0,0,0,0,0,0,0,0,0,0,0],"1":[0,0],"2":[0,0],"3":[0,0,0,0,0],"4":[0,0],"5":[0,0,0,0,0,0],"6":[0,0,0,0],"7":[0,0,0],"8":[0,0,0,0]}}
,"/home/zerh/projects/project_sirene/entreprise.data.gouv.fr/src/store/modules/searchFullText.js": {"path":"/home/zerh/projects/project_sirene/entreprise.data.gouv.fr/src/store/modules/searchFullText.js","statementMap":{"0":{"start":{"line":2,"column":0},"end":{"line":null,"column":-1}},"1":{"start":{"line":3,"column":0},"end":{"line":null,"column":-1}},"2":{"start":{"line":5,"column":14},"end":{"line":5,"column":0}},"3":{"start":{"line":16,"column":16},"end":{"line":16,"column":0}},"4":{"start":{"line":18,"column":4},"end":{"line":null,"column":-1}},"5":{"start":{"line":21,"column":4},"end":{"line":null,"column":-1}},"6":{"start":{"line":24,"column":4},"end":{"line":null,"column":-1}},"7":{"start":{"line":27,"column":4},"end":{"line":null,"column":-1}},"8":{"start":{"line":30,"column":4},"end":{"line":null,"column":-1}},"9":{"start":{"line":34,"column":18},"end":{"line":34,"column":0}},"10":{"start":{"line":36,"column":4},"end":{"line":null,"column":-1}},"11":{"start":{"line":39,"column":4},"end":{"line":null,"column":-1}},"12":{"start":{"line":42,"column":4},"end":{"line":null,"column":-1}},"13":{"start":{"line":46,"column":16},"end":{"line":46,"column":0}},"14":{"start":{"line":48,"column":4},"end":{"line":null,"column":-1}},"15":{"start":{"line":54,"column":4},"end":{"line":null,"column":-1}},"16":{"start":{"line":56,"column":4},"end":{"line":null,"column":-1}},"17":{"start":{"line":60,"column":4},"end":{"line":null,"column":-1}},"18":{"start":{"line":61,"column":4},"end":{"line":null,"column":-1}},"19":{"start":{"line":46,"column":16},"end":{"line":46,"column":-1}},"20":{"start":{"line":65,"column":4},"end":{"line":46,"column":16}},"21":{"start":{"line":46,"column":16},"end":{"line":null,"column":-1}},"22":{"start":{"line":68,"column":8},"end":{"line":null,"column":-1}},"23":{"start":{"line":71,"column":8},"end":{"line":null,"column":-1}},"24":{"start":{"line":73,"column":15},"end":{"line":66,"column":9}}},"fnMap":{"0":{"name":"addressToGetFullText","decl":{"start":{"line":17,"column":24},"end":{"line":17,"column":24}},"loc":{"start":{"line":17,"column":40},"end":{"line":16,"column":16}}},"1":{"name":"queryToGet","decl":{"start":{"line":20,"column":14},"end":{"line":20,"column":19}},"loc":{"start":{"line":20,"column":20},"end":{"line":16,"column":16}}},"2":{"name":"pageNumberToGet","decl":{"start":{"line":23,"column":19},"end":{"line":23,"column":27}},"loc":{"start":{"line":23,"column":28},"end":{"line":16,"column":16}}},"3":{"name":"storedFullText","decl":{"start":{"line":26,"column":18},"end":{"line":26,"column":26}},"loc":{"start":{"line":26,"column":27},"end":{"line":16,"column":16}}},"4":{"name":"pageNumber","decl":{"start":{"line":29,"column":14},"end":{"line":29,"column":22}},"loc":{"start":{"line":29,"column":23},"end":{"line":16,"column":16}}},"5":{"name":"setFullText","decl":{"start":{"line":34,"column":18},"end":{"line":35,"column":14}},"loc":{"start":{"line":35,"column":29},"end":{"line":34,"column":18}}},"6":{"name":"setLastFullText","decl":{"start":{"line":34,"column":18},"end":{"line":38,"column":18}},"loc":{"start":{"line":38,"column":33},"end":{"line":34,"column":18}}},"7":{"name":"setPage","decl":{"start":{"line":34,"column":18},"end":{"line":41,"column":10}},"loc":{"start":{"line":41,"column":25},"end":{"line":34,"column":18}}},"8":{"name":"requestSearchFullText","decl":{"start":{"line":46,"column":16},"end":{"line":47,"column":26}},"loc":{"start":{"line":47,"column":27},"end":{"line":46,"column":16}}},"9":{"name":"searchFullText","decl":{"start":{"line":46,"column":16},"end":{"line":59,"column":19}},"loc":{"start":{"line":59,"column":20},"end":{"line":46,"column":16}}},"10":{"name":"(anonymous_11)","decl":{"start":{"line":46,"column":16},"end":{"line":64,"column":29}},"loc":{"start":{"line":46,"column":16},"end":{"line":46,"column":-1}}},"11":{"name":"_callee$","decl":{"start":{"line":46,"column":16},"end":{"line":null,"column":-1}},"loc":{"start":{"line":46,"column":16},"end":{"line":46,"column":-1}}},"12":{"name":"(anonymous_14)","decl":{"start":{"line":67,"column":12},"end":{"line":67,"column":23}},"loc":{"start":{"line":67,"column":24},"end":{"line":66,"column":10}}},"13":{"name":"(anonymous_15)","decl":{"start":{"line":70,"column":13},"end":{"line":70,"column":21}},"loc":{"start":{"line":70,"column":22},"end":{"line":66,"column":10}}},"14":{"name":"(anonymous_16)","decl":{"start":{"line":73,"column":15},"end":{"line":73,"column":20}},"loc":{"start":{"line":73,"column":15},"end":{"line":66,"column":10}}},"15":{"name":"executeSearchFullText","decl":{"start":{"line":46,"column":16},"end":{"line":46,"column":-1}},"loc":{"start":{"line":46,"column":16},"end":{"line":46,"column":-1}}}},"branchMap":{"0":{"loc":{"start":{"line":46,"column":16},"end":{"line":46,"column":-1}},"type":"switch","locations":[{"start":{"line":46,"column":16},"end":{"line":46,"column":-1}},{"start":{"line":46,"column":16},"end":{"line":46,"column":-1}},{"start":{"line":46,"column":16},"end":{"line":46,"column":-1}}]}},"s":{"0":0,"1":0,"2":0,"3":0,"4":0,"5":0,"6":0,"7":0,"8":0,"9":0,"10":0,"11":0,"12":0,"13":0,"14":0,"15":0,"16":0,"17":0,"18":0,"19":0,"20":0,"21":0,"22":0,"23":0,"24":0},"f":{"0":0,"1":0,"2":0,"3":0,"4":0,"5":0,"6":0,"7":0,"8":0,"9":0,"10":0,"11":0,"12":0,"13":0,"14":0,"15":0},"b":{"0":[0,0,0]}}
,"/home/zerh/projects/project_sirene/entreprise.data.gouv.fr/src/store/modules/suggestions.js": {"path":"/home/zerh/projects/project_sirene/entreprise.data.gouv.fr/src/store/modules/suggestions.js","statementMap":{"0":{"start":{"line":7,"column":14},"end":{"line":11,"column":1}},"1":{"start":{"line":13,"column":18},"end":{"line":17,"column":1}},"2":{"start":{"line":15,"column":4},"end":{"line":15,"column":41}},"3":{"start":{"line":18,"column":16},"end":{"line":31,"column":1}},"4":{"start":{"line":20,"column":4},"end":{"line":24,"column":6}},"5":{"start":{"line":21,"column":6},"end":{"line":21,"column":64}},"6":{"start":{"line":23,"column":6},"end":{"line":23,"column":46}},"7":{"start":{"line":27,"column":29},"end":{"line":27,"column":58}},"8":{"start":{"line":28,"column":32},"end":{"line":28,"column":90}},"9":{"start":{"line":29,"column":4},"end":{"line":29,"column":61}}},"fnMap":{"0":{"name":"(anonymous_0)","decl":{"start":{"line":19,"column":37},"end":{"line":19,"column":38}},"loc":{"start":{"line":19,"column":69},"end":{"line":25,"column":3}},"line":19},"1":{"name":"(anonymous_1)","decl":{"start":{"line":20,"column":64},"end":{"line":20,"column":65}},"loc":{"start":{"line":20,"column":76},"end":{"line":22,"column":5}},"line":20},"2":{"name":"(anonymous_2)","decl":{"start":{"line":22,"column":7},"end":{"line":22,"column":8}},"loc":{"start":{"line":22,"column":19},"end":{"line":24,"column":5}},"line":22},"3":{"name":"(anonymous_3)","decl":{"start":{"line":26,"column":29},"end":{"line":26,"column":30}},"loc":{"start":{"line":26,"column":65},"end":{"line":30,"column":3}},"line":26}},"branchMap":{},"s":{"0":1,"1":1,"2":1,"3":1,"4":0,"5":0,"6":0,"7":1,"8":1,"9":1},"f":{"0":0,"1":0,"2":0,"3":1},"b":{},"_coverageSchema":"332fd63041d2c1bcb487cc26dd0d5f7d97098a6c","hash":"ded973d1e58354909548cea677cad65a20b81e72"}
}
