TN:
SF:/home/zerh/projects/project_sirene/entreprise.data.gouv.fr/src/constants.js
FNF:0
FNH:0
LF:0
LH:0
BRF:0
BRH:0
end_of_record
TN:
SF:/home/zerh/projects/project_sirene/entreprise.data.gouv.fr/src/components/ApiDoc.vue
FNF:0
FNH:0
DA:11,1
DA:12,1
DA:13,1
DA:14,1
LF:4
LH:4
BRF:0
BRH:0
end_of_record
TN:
SF:/home/zerh/projects/project_sirene/entreprise.data.gouv.fr/src/components/Etablissement.vue
FN:31,metaInfo
FN:47,searchId
FN:50,isNotFound
FN:53,isError
FN:56,haveSireneInfo
FN:59,haveRNAInfo
FN:62,haveRNMInfo
FN:65,mainAPISLoading
FN:70,titleEtablissement
FN:80,beforeCreate
FN:83,created
FN:88,$route
FNF:12
FNH:0
FNDA:0,metaInfo
FNDA:0,searchId
FNDA:0,isNotFound
FNDA:0,isError
FNDA:0,haveSireneInfo
FNDA:0,haveRNAInfo
FNDA:0,haveRNMInfo
FNDA:0,mainAPISLoading
FNDA:0,titleEtablissement
FNDA:0,beforeCreate
FNDA:0,created
FNDA:0,$route
DA:19,1
DA:20,1
DA:21,1
DA:22,1
DA:23,1
DA:24,1
DA:25,1
DA:26,1
DA:27,1
DA:32,0
DA:48,0
DA:51,0
DA:54,0
DA:57,0
DA:60,0
DA:63,0
DA:66,0
DA:71,0
DA:72,0
DA:73,0
DA:74,0
DA:76,0
DA:81,0
DA:84,0
DA:89,0
LF:25
LH:9
BRDA:71,0,0,0
BRDA:71,0,1,0
BRDA:73,1,0,0
BRDA:73,1,1,0
BRF:4
BRH:0
end_of_record
TN:
SF:/home/zerh/projects/project_sirene/entreprise.data.gouv.fr/src/components/Home.vue
FNF:0
FNH:0
DA:10,1
DA:11,1
DA:12,1
LF:3
LH:3
BRF:0
BRH:0
end_of_record
TN:
SF:/home/zerh/projects/project_sirene/entreprise.data.gouv.fr/src/components/Navbar.vue
FN:15,clearHomepage
FNF:1
FNH:1
FNDA:1,clearHomepage
DA:16,1
LF:1
LH:1
BRF:0
BRH:0
end_of_record
TN:
SF:/home/zerh/projects/project_sirene/entreprise.data.gouv.fr/src/components/Results.vue
FN:29,metaInfo
FN:43,resultsAreLoading
FN:46,serverError
FN:49,RNAError
FN:52,sireneError
FN:55,biggerNumberPages
FN:60,storedLastFullText
FNF:7
FNH:0
FNDA:0,metaInfo
FNDA:0,resultsAreLoading
FNDA:0,serverError
FNDA:0,RNAError
FNDA:0,sireneError
FNDA:0,biggerNumberPages
FNDA:0,storedLastFullText
DA:20,2
DA:21,2
DA:22,2
DA:23,2
DA:24,2
DA:25,2
DA:30,0
DA:44,0
DA:47,0
DA:50,0
DA:53,0
DA:56,0
DA:61,0
LF:13
LH:6
BRF:0
BRH:0
end_of_record
TN:
SF:/home/zerh/projects/project_sirene/entreprise.data.gouv.fr/src/components/Search.vue
FN:30,created
FN:39,data
FN:52,isSearchNotEmpty
FN:55,showWelcomeText
FN:58,showBackToResultsButton
FN:66,$route
FNF:6
FNH:4
FNDA:9,created
FNDA:9,data
FNDA:0,isSearchNotEmpty
FNDA:9,showWelcomeText
FNDA:9,showBackToResultsButton
FNDA:0,$route
DA:21,2
DA:22,2
DA:31,9
DA:32,9
DA:34,9
DA:35,8
DA:36,8
DA:40,9
DA:53,0
DA:56,9
DA:60,9
DA:67,0
DA:68,0
LF:13
LH:10
BRDA:31,0,0,9
BRDA:31,0,1,0
BRDA:34,1,0,8
BRDA:34,1,1,1
BRDA:60,2,0,9
BRDA:60,2,1,1
BRDA:67,3,0,0
BRDA:67,3,1,0
BRF:8
BRH:5
end_of_record
TN:
SF:/home/zerh/projects/project_sirene/entreprise.data.gouv.fr/src/components/apiDoc/ApiDocInput.vue
FN:12,data
FN:19,activateButton
FNF:2
FNH:2
FNDA:2,data
FNDA:1,activateButton
DA:13,2
DA:19,1
LF:2
LH:2
BRF:0
BRH:0
end_of_record
TN:
SF:/home/zerh/projects/project_sirene/entreprise.data.gouv.fr/src/components/apiDoc/ApiDocIntro.vue
FNF:0
FNH:0
DA:20,1
LF:1
LH:1
BRF:0
BRH:0
end_of_record
TN:
SF:/home/zerh/projects/project_sirene/entreprise.data.gouv.fr/src/components/apiDoc/ApiDocRNA.vue
FN:27,data
FNF:1
FNH:0
FNDA:0,data
DA:11,0
DA:12,0
DA:13,0
DA:14,0
DA:28,0
LF:5
LH:0
BRF:0
BRH:0
end_of_record
TN:
SF:/home/zerh/projects/project_sirene/entreprise.data.gouv.fr/src/components/apiDoc/ApiDocRNCS.vue
FN:27,data
FNF:1
FNH:0
FNDA:0,data
DA:11,0
DA:12,0
DA:13,0
DA:14,0
DA:28,0
LF:5
LH:0
BRF:0
BRH:0
end_of_record
TN:
SF:/home/zerh/projects/project_sirene/entreprise.data.gouv.fr/src/components/apiDoc/ApiDocSirene.vue
FN:33,data
FNF:1
FNH:0
FNDA:0,data
DA:13,0
DA:14,0
DA:15,0
DA:16,0
DA:17,0
DA:18,0
DA:34,0
LF:7
LH:0
BRF:0
BRH:0
end_of_record
TN:
SF:/home/zerh/projects/project_sirene/entreprise.data.gouv.fr/src/components/apiDoc/apiDocRNA/ApiDocRNAEndpoints.vue
FN:45,data
FNF:1
FNH:0
FNDA:0,data
DA:37,0
DA:46,0
LF:2
LH:0
BRF:0
BRH:0
end_of_record
TN:
SF:/home/zerh/projects/project_sirene/entreprise.data.gouv.fr/src/components/apiDoc/apiDocRNCS/ApiDocRNCSEndpoints.vue
FN:29,data
FNF:1
FNH:0
FNDA:0,data
DA:21,0
DA:30,0
LF:2
LH:0
BRF:0
BRH:0
end_of_record
TN:
SF:/home/zerh/projects/project_sirene/entreprise.data.gouv.fr/src/components/apiDoc/apiDocSirene/ApiDocSireneEndpoints.vue
FN:66,data
FNF:1
FNH:0
FNDA:0,data
DA:58,0
DA:67,0
LF:2
LH:0
BRF:0
BRH:0
end_of_record
TN:
SF:/home/zerh/projects/project_sirene/entreprise.data.gouv.fr/src/components/apiDoc/apiDocSirene/ApiDocSireneExample.vue
FN:63,data
FNF:1
FNH:0
FNDA:0,data
DA:55,0
DA:64,0
LF:2
LH:0
BRF:0
BRH:0
end_of_record
TN:
SF:/home/zerh/projects/project_sirene/entreprise.data.gouv.fr/src/components/apiDoc/apiDocSirene/ApiDocSireneGeospace.vue
FN:121,data
FNF:1
FNH:0
FNDA:0,data
DA:113,0
DA:122,0
LF:2
LH:0
BRF:0
BRH:0
end_of_record
TN:
SF:/home/zerh/projects/project_sirene/entreprise.data.gouv.fr/src/components/etablissement/EntrepriseIdentityRNCS.vue
FN:44,metaInfo
FN:58,searchId
FN:61,haveRNCSInfo
FN:64,dataRequestURL
FN:70,dataRequestPDF
FN:73,RNCSUpdate
FN:79,RNCSLoading
FN:82,isRNCSError
FN:85,RNCSError
FN:90,titleEtablissement
FN:97,titleEtablissementRNCS
FN:108,beforeCreate
FN:111,created
FN:116,$route
FNF:14
FNH:0
FNDA:0,metaInfo
FNDA:0,searchId
FNDA:0,haveRNCSInfo
FNDA:0,dataRequestURL
FNDA:0,dataRequestPDF
FNDA:0,RNCSUpdate
FNDA:0,RNCSLoading
FNDA:0,isRNCSError
FNDA:0,RNCSError
FNDA:0,titleEtablissement
FNDA:0,titleEtablissementRNCS
FNDA:0,beforeCreate
FNDA:0,created
FNDA:0,$route
DA:33,0
DA:34,0
DA:35,0
DA:36,0
DA:37,0
DA:38,0
DA:39,0
DA:40,0
DA:45,0
DA:59,0
DA:62,0
DA:65,0
DA:66,0
DA:68,0
DA:71,0
DA:74,0
DA:75,0
DA:77,0
DA:80,0
DA:83,0
DA:86,0
DA:91,0
DA:92,0
DA:94,0
DA:98,0
DA:99,0
DA:101,0
DA:109,0
DA:112,0
DA:117,0
LF:30
LH:0
BRDA:65,0,0,0
BRDA:65,0,1,0
BRDA:74,1,0,0
BRDA:74,1,1,0
BRDA:91,2,0,0
BRDA:91,2,1,0
BRDA:98,3,0,0
BRDA:98,3,1,0
BRF:8
BRH:0
end_of_record
TN:
SF:/home/zerh/projects/project_sirene/entreprise.data.gouv.fr/src/components/etablissement/EtablissementHeader.vue
FN:46,isEtablissementLoading
FN:49,resultSirene
FN:52,resultRNA
FN:55,haveOnlyRNAInfo
FN:58,haveSireneInfo
FN:63,haveRNAInfo
FN:68,coordinates
FNF:7
FNH:5
FNDA:1,isEtablissementLoading
FNDA:1,resultSirene
FNDA:0,resultRNA
FNDA:1,haveOnlyRNAInfo
FNDA:1,haveSireneInfo
FNDA:0,haveRNAInfo
FNDA:1,coordinates
DA:32,2
DA:33,2
DA:34,2
DA:35,2
DA:47,1
DA:50,1
DA:53,0
DA:56,1
DA:59,1
DA:60,1
DA:64,0
DA:65,0
DA:69,1
DA:70,0
DA:72,1
LF:15
LH:11
BRDA:56,0,0,1
BRDA:56,0,1,0
BRDA:59,1,0,1
BRDA:59,1,1,0
BRDA:64,2,0,0
BRDA:64,2,1,0
BRDA:69,3,0,0
BRDA:69,3,1,1
BRDA:69,4,0,1
BRDA:69,4,1,1
BRDA:69,4,2,0
BRF:11
BRH:5
end_of_record
TN:
SF:/home/zerh/projects/project_sirene/entreprise.data.gouv.fr/src/components/etablissement/EtablissementMap.vue
FN:20,data
FN:24,mapOptions
FN:37,mounted
FN:38,(anonymous_5)
FN:41,haveNoMapInfo
FN:48,initMap
FN:57,addEtablissementMarker
FNF:7
FNH:3
FNDA:2,data
FNDA:0,mapOptions
FNDA:2,mounted
FNDA:0,(anonymous_5)
FNDA:2,haveNoMapInfo
FNDA:0,initMap
FNDA:0,addEtablissementMarker
DA:12,3
DA:13,3
DA:14,3
DA:15,3
DA:21,2
DA:25,0
DA:37,2
DA:38,2
DA:42,2
DA:44,2
DA:49,0
DA:51,0
DA:53,0
DA:54,0
DA:55,0
DA:58,0
LF:16
LH:9
BRDA:42,0,0,2
BRDA:42,0,1,2
BRDA:49,1,0,0
BRDA:49,1,1,0
BRF:4
BRH:2
end_of_record
TN:
SF:/home/zerh/projects/project_sirene/entreprise.data.gouv.fr/src/components/etablissement/EtablissementRNA.vue
FNF:0
FNH:0
DA:11,1
DA:12,1
LF:2
LH:2
BRF:0
BRH:0
end_of_record
TN:
SF:/home/zerh/projects/project_sirene/entreprise.data.gouv.fr/src/components/etablissement/EtablissementRNCS.vue
FNF:0
FNH:0
DA:13,0
DA:14,0
DA:15,0
DA:16,0
LF:4
LH:0
BRF:0
BRH:0
end_of_record
TN:
SF:/home/zerh/projects/project_sirene/entreprise.data.gouv.fr/src/components/etablissement/EtablissementRNM.vue
FNF:0
FNH:0
DA:11,1
DA:12,1
LF:2
LH:2
BRF:0
BRH:0
end_of_record
TN:
SF:/home/zerh/projects/project_sirene/entreprise.data.gouv.fr/src/components/etablissement/EtablissementSirene.vue
FNF:0
FNH:0
DA:11,2
DA:12,2
DA:13,2
LF:3
LH:3
BRF:0
BRH:0
end_of_record
TN:
SF:/home/zerh/projects/project_sirene/entreprise.data.gouv.fr/src/components/etablissement/etablissementRNA/EtablissementRNAImmatriculation.vue
FN:24,data
FN:36,resultRNA
FN:39,l1_adress
FN:44,l2_adress
FNF:4
FNH:0
FNDA:0,data
FNDA:0,resultRNA
FNDA:0,l1_adress
FNDA:0,l2_adress
DA:18,1
DA:19,1
DA:25,0
DA:37,0
DA:40,0
DA:41,0
DA:45,0
DA:46,0
LF:8
LH:2
BRDA:40,0,0,0
BRDA:40,0,1,0
BRDA:40,1,0,0
BRDA:40,1,1,0
BRDA:40,1,2,0
BRDA:45,2,0,0
BRDA:45,2,1,0
BRDA:45,3,0,0
BRDA:45,3,1,0
BRF:9
BRH:0
end_of_record
TN:
SF:/home/zerh/projects/project_sirene/entreprise.data.gouv.fr/src/components/etablissement/etablissementRNA/EtablissementRNAInfo.vue
FN:23,data
FN:31,resultRNA
FNF:2
FNH:0
FNDA:0,data
FNDA:0,resultRNA
DA:17,1
DA:18,1
DA:24,0
DA:32,0
LF:4
LH:2
BRF:0
BRH:0
end_of_record
TN:
SF:/home/zerh/projects/project_sirene/entreprise.data.gouv.fr/src/components/etablissement/etablissementRNCS/EtablissementRNCSGestion.vue
FN:31,managers
FN:34,managersLegal
FN:35,(anonymous_4)
FN:39,managersPhysical
FN:40,(anonymous_6)
FNF:5
FNH:0
FNDA:0,managers
FNDA:0,managersLegal
FNDA:0,(anonymous_4)
FNDA:0,managersPhysical
FNDA:0,(anonymous_6)
DA:17,0
DA:18,0
DA:19,0
DA:20,0
DA:21,0
DA:32,0
DA:35,0
DA:40,0
LF:8
LH:0
BRDA:35,0,0,0
BRDA:35,0,1,0
BRDA:40,1,0,0
BRDA:40,1,1,0
BRF:4
BRH:0
end_of_record
TN:
SF:/home/zerh/projects/project_sirene/entreprise.data.gouv.fr/src/components/etablissement/etablissementRNCS/EtablissementRNCSIdentification.vue
FN:19,RNCSData
FN:22,RNCSLegal
FN:25,RNCSPhysical
FNF:3
FNH:0
FNDA:0,RNCSData
FNDA:0,RNCSLegal
FNDA:0,RNCSPhysical
DA:9,0
DA:10,0
DA:20,0
DA:23,0
DA:26,0
LF:5
LH:0
BRF:0
BRH:0
end_of_record
TN:
SF:/home/zerh/projects/project_sirene/entreprise.data.gouv.fr/src/components/etablissement/etablissementRNCS/EtablissementRNCSObservations.vue
FN:25,RNCSData
FN:28,RNCSObservations
FN:31,RNCSObservationsOrdered
FNF:3
FNH:0
FNDA:0,RNCSData
FNDA:0,RNCSObservations
FNDA:0,RNCSObservationsOrdered
DA:17,0
DA:18,0
DA:19,0
DA:26,0
DA:29,0
DA:32,0
LF:6
LH:0
BRF:0
BRH:0
end_of_record
TN:
SF:/home/zerh/projects/project_sirene/entreprise.data.gouv.fr/src/components/etablissement/etablissementRNCS/EtablissementRNCSRegistration.vue
FN:43,data
FN:72,RNCSData
FN:76,RNCSPhysical
FN:79,haveRNCSPhysicalDAP
FN:82,RNCSPhysicalDAPIsPositive
FNF:5
FNH:0
FNDA:0,data
FNDA:0,RNCSData
FNDA:0,RNCSPhysical
FNDA:0,haveRNCSPhysicalDAP
FNDA:0,RNCSPhysicalDAPIsPositive
DA:32,0
DA:33,0
DA:34,0
DA:35,0
DA:44,0
DA:73,0
DA:77,0
DA:80,0
DA:83,0
DA:84,0
DA:86,0
LF:11
LH:0
BRDA:80,0,0,0
BRDA:80,0,1,0
BRDA:83,1,0,0
BRDA:83,1,1,0
BRDA:83,2,0,0
BRDA:83,2,1,0
BRF:6
BRH:0
end_of_record
TN:
SF:/home/zerh/projects/project_sirene/entreprise.data.gouv.fr/src/components/etablissement/etablissementRNCS/etablissementRNCSGestion/EtablissementRNCSGestionMorale.vue
FN:32,data
FNF:1
FNH:0
FNDA:0,data
DA:24,0
DA:25,0
DA:26,0
DA:33,0
LF:4
LH:0
BRF:0
BRH:0
end_of_record
TN:
SF:/home/zerh/projects/project_sirene/entreprise.data.gouv.fr/src/components/etablissement/etablissementRNCS/etablissementRNCSGestion/EtablissementRNCSGestionPhysique.vue
FN:40,data
FNF:1
FNH:0
FNDA:0,data
DA:31,0
DA:32,0
DA:33,0
DA:34,0
DA:41,0
LF:5
LH:0
BRF:0
BRH:0
end_of_record
TN:
SF:/home/zerh/projects/project_sirene/entreprise.data.gouv.fr/src/components/etablissement/etablissementRNCS/etablissementRNCSIdentification/EtablissementRNCSPMorale.vue
FN:20,data
FN:34,RNCSLegal
FNF:2
FNH:0
FNDA:0,data
FNDA:0,RNCSLegal
DA:13,0
DA:14,0
DA:15,0
DA:21,0
DA:35,0
LF:5
LH:0
BRF:0
BRH:0
end_of_record
TN:
SF:/home/zerh/projects/project_sirene/entreprise.data.gouv.fr/src/components/etablissement/etablissementRNCS/etablissementRNCSIdentification/EtablissementRNCSPPhysique.vue
FN:43,data
FN:62,RNCSPhysical
FN:67,collabName
FNF:3
FNH:0
FNDA:0,data
FNDA:0,RNCSPhysical
FNDA:0,collabName
DA:31,0
DA:32,0
DA:33,0
DA:34,0
DA:35,0
DA:44,0
DA:63,0
DA:68,0
LF:8
LH:0
BRF:0
BRH:0
end_of_record
TN:
SF:/home/zerh/projects/project_sirene/entreprise.data.gouv.fr/src/components/etablissement/etablissementRNCS/mixins/RNCSformating.js
FN:5,nameFromCodeGreffe
FN:9,concatIfExist
FN:17,FixeOrVariable
FN:26,PrincipaleOrSecondaire
FN:35,RNCSDeviseSentence
FN:45,RNCSLastModification
FN:53,RNCSConcatGreffe
FN:60,RNCSConcatName
FN:67,RNCSConcatAddress
FN:78,RNCSConcatAddressRP
FN:89,RNCSConcatAddressDAP
FN:98,collabName
FN:102,representName
FN:106,(anonymous_14)
FN:107,(anonymous_15)
FNF:15
FNH:0
FNDA:0,nameFromCodeGreffe
FNDA:0,concatIfExist
FNDA:0,FixeOrVariable
FNDA:0,PrincipaleOrSecondaire
FNDA:0,RNCSDeviseSentence
FNDA:0,RNCSLastModification
FNDA:0,RNCSConcatGreffe
FNDA:0,RNCSConcatName
FNDA:0,RNCSConcatAddress
FNDA:0,RNCSConcatAddressRP
FNDA:0,RNCSConcatAddressDAP
FNDA:0,collabName
FNDA:0,representName
FNDA:0,(anonymous_14)
FNDA:0,(anonymous_15)
DA:1,0
DA:2,0
DA:3,0
DA:6,0
DA:10,0
DA:11,0
DA:13,0
DA:18,0
DA:19,0
DA:20,0
DA:21,0
DA:23,0
DA:27,0
DA:28,0
DA:29,0
DA:30,0
DA:32,0
DA:36,0
DA:38,0
DA:39,0
DA:40,0
DA:42,0
DA:46,0
DA:47,0
DA:48,0
DA:50,0
DA:54,0
DA:55,0
DA:57,0
DA:62,0
DA:64,0
DA:68,0
DA:69,0
DA:70,0
DA:71,0
DA:72,0
DA:75,0
DA:79,0
DA:80,0
DA:81,0
DA:82,0
DA:83,0
DA:86,0
DA:90,0
DA:91,0
DA:92,0
DA:93,0
DA:95,0
DA:99,0
DA:103,0
DA:107,0
DA:108,0
LF:52
LH:0
BRDA:10,0,0,0
BRDA:10,0,1,0
BRDA:18,1,0,0
BRDA:18,1,1,0
BRDA:20,2,0,0
BRDA:20,2,1,0
BRDA:27,3,0,0
BRDA:27,3,1,0
BRDA:29,4,0,0
BRDA:29,4,1,0
BRDA:47,5,0,0
BRDA:47,5,1,0
BRDA:69,6,0,0
BRDA:69,6,1,0
BRDA:71,7,0,0
BRDA:71,7,1,0
BRDA:71,8,0,0
BRDA:71,8,1,0
BRDA:80,9,0,0
BRDA:80,9,1,0
BRDA:82,10,0,0
BRDA:82,10,1,0
BRDA:82,11,0,0
BRDA:82,11,1,0
BRDA:91,12,0,0
BRDA:91,12,1,0
BRF:26
BRH:0
end_of_record
TN:
SF:/home/zerh/projects/project_sirene/entreprise.data.gouv.fr/src/components/etablissement/etablissementRNCS/templates/PanelInfo.vue
FNF:0
FNH:0
DA:13,0
LF:1
LH:0
BRF:0
BRH:0
end_of_record
TN:
SF:/home/zerh/projects/project_sirene/entreprise.data.gouv.fr/src/components/etablissement/etablissementRNCS/templates/PanelInfoInline.vue
FNF:0
FNH:0
DA:13,0
LF:1
LH:0
BRF:0
BRH:0
end_of_record
TN:
SF:/home/zerh/projects/project_sirene/entreprise.data.gouv.fr/src/components/etablissement/etablissementRNCS/templates/PanelNoResults.vue
FN:12,dataIsAvailable
FNF:1
FNH:0
FNDA:0,dataIsAvailable
DA:13,0
DA:14,0
DA:16,0
LF:3
LH:0
BRDA:13,0,0,0
BRDA:13,0,1,0
BRDA:13,1,0,0
BRDA:13,1,1,0
BRF:4
BRH:0
end_of_record
TN:
SF:/home/zerh/projects/project_sirene/entreprise.data.gouv.fr/src/components/etablissement/etablissementRNM/EtablissementRNMContact.vue
FN:19,resultRNM
FNF:1
FNH:0
FNDA:0,resultRNM
DA:14,1
DA:20,0
LF:2
LH:1
BRF:0
BRH:0
end_of_record
TN:
SF:/home/zerh/projects/project_sirene/entreprise.data.gouv.fr/src/components/etablissement/etablissementRNM/EtablissementRNMInfo.vue
FN:19,resultRNM
FNF:1
FNH:0
FNDA:0,resultRNM
DA:14,1
DA:20,0
LF:2
LH:1
BRF:0
BRH:0
end_of_record
TN:
SF:/home/zerh/projects/project_sirene/entreprise.data.gouv.fr/src/components/etablissement/etablissementSirene/EtablissementSireneChildren.vue
FN:35,data
FN:42,resultSirene
FN:45,resultSiegeSocial
FN:48,resultOtherSirens
FN:52,haveChildrenEtablissements
FN:55,totalResultsOtherSirens
FN:59,maxChildrenEtablissements
FN:62,isSiegeSocial
FN:71,thereAreMoreThanMaxChildren
FN:76,showAllChildren
FN:80,hideAllChildren
FNF:11
FNH:0
FNDA:0,data
FNDA:0,resultSirene
FNDA:0,resultSiegeSocial
FNDA:0,resultOtherSirens
FNDA:0,haveChildrenEtablissements
FNDA:0,totalResultsOtherSirens
FNDA:0,maxChildrenEtablissements
FNDA:0,isSiegeSocial
FNDA:0,thereAreMoreThanMaxChildren
FNDA:0,showAllChildren
FNDA:0,hideAllChildren
DA:30,2
DA:31,2
DA:36,0
DA:43,0
DA:46,0
DA:49,0
DA:50,0
DA:53,0
DA:57,0
DA:60,0
DA:63,0
DA:64,0
DA:66,0
DA:67,0
DA:69,0
DA:72,0
DA:77,0
DA:78,0
DA:81,0
DA:82,0
LF:20
LH:2
BRDA:46,0,0,0
BRDA:46,0,1,0
BRDA:63,1,0,0
BRDA:63,1,1,0
BRDA:66,2,0,0
BRDA:66,2,1,0
BRF:6
BRH:0
end_of_record
TN:
SF:/home/zerh/projects/project_sirene/entreprise.data.gouv.fr/src/components/etablissement/etablissementSirene/EtablissementSireneContact.vue
FN:22,resultSirene
FN:26,fullOwnerName
FN:38,formattedDate
FNF:3
FNH:2
FNDA:1,resultSirene
FNDA:0,fullOwnerName
FNDA:1,formattedDate
DA:16,3
DA:17,3
DA:23,1
DA:27,0
DA:28,0
DA:29,0
DA:30,0
DA:32,0
DA:33,0
DA:35,0
DA:39,1
DA:40,1
DA:42,0
DA:43,0
DA:44,0
DA:45,0
LF:16
LH:5
BRDA:29,0,0,0
BRDA:29,0,1,0
BRDA:32,1,0,0
BRDA:32,1,1,0
BRDA:39,2,0,1
BRDA:39,2,1,0
BRF:6
BRH:1
end_of_record
TN:
SF:/home/zerh/projects/project_sirene/entreprise.data.gouv.fr/src/components/etablissement/etablissementSirene/EtablissementSireneInfo.vue
FN:23,resultSirene
FN:26,tvaIntracommunautaire
FNF:2
FNH:2
FNDA:1,resultSirene
FNDA:1,tvaIntracommunautaire
DA:18,3
DA:24,1
DA:27,1
DA:28,1
DA:29,1
LF:5
LH:5
BRF:0
BRH:0
end_of_record
TN:
SF:/home/zerh/projects/project_sirene/entreprise.data.gouv.fr/src/components/etablissement/templates/LineInPanel.vue
FNF:0
FNH:0
DA:9,1
LF:1
LH:1
BRF:0
BRH:0
end_of_record
TN:
SF:/home/zerh/projects/project_sirene/entreprise.data.gouv.fr/src/components/mixins/colors.js
FNF:0
FNH:0
LF:0
LH:0
BRF:0
BRH:0
end_of_record
TN:
SF:/home/zerh/projects/project_sirene/entreprise.data.gouv.fr/src/components/mixins/filters.js
FN:3,(anonymous_0)
FN:9,(anonymous_1)
FN:15,(anonymous_2)
FN:21,(anonymous_3)
FN:30,(anonymous_4)
FN:36,(anonymous_5)
FN:43,(anonymous_6)
FN:46,(anonymous_7)
FN:52,(anonymous_8)
FN:64,(anonymous_9)
FN:71,(anonymous_10)
FN:78,(anonymous_11)
FN:84,(anonymous_12)
FN:91,(anonymous_13)
FN:98,(anonymous_14)
FNF:15
FNH:8
FNDA:2,(anonymous_0)
FNDA:2,(anonymous_1)
FNDA:8,(anonymous_2)
FNDA:6,(anonymous_3)
FNDA:0,(anonymous_4)
FNDA:0,(anonymous_5)
FNDA:0,(anonymous_6)
FNDA:0,(anonymous_7)
FNDA:0,(anonymous_8)
FNDA:1,(anonymous_9)
FNDA:1,(anonymous_10)
FNDA:1,(anonymous_11)
FNDA:1,(anonymous_12)
FNDA:0,(anonymous_13)
FNDA:0,(anonymous_14)
DA:4,2
DA:5,1
DA:7,1
DA:10,2
DA:11,1
DA:13,1
DA:16,8
DA:17,1
DA:19,7
DA:22,6
DA:23,2
DA:25,4
DA:26,4
DA:28,4
DA:31,0
DA:32,0
DA:34,0
DA:37,0
DA:38,0
DA:40,0
DA:44,0
DA:47,0
DA:48,0
DA:50,0
DA:53,0
DA:54,0
DA:57,0
DA:59,0
DA:60,0
DA:62,0
DA:65,1
DA:66,1
DA:69,0
DA:72,1
DA:73,1
DA:76,0
DA:79,1
DA:80,0
DA:82,1
DA:85,1
DA:86,1
DA:89,0
DA:92,0
DA:93,0
DA:96,0
DA:99,0
DA:100,0
DA:102,0
DA:108,0
DA:109,0
DA:111,0
LF:51
LH:22
BRDA:4,0,0,1
BRDA:4,0,1,1
BRDA:10,1,0,1
BRDA:10,1,1,1
BRDA:16,2,0,1
BRDA:16,2,1,7
BRDA:16,3,0,8
BRDA:16,3,1,1
BRDA:22,4,0,2
BRDA:22,4,1,4
BRDA:31,5,0,0
BRDA:31,5,1,0
BRDA:31,6,0,0
BRDA:31,6,1,0
BRDA:37,7,0,0
BRDA:37,7,1,0
BRDA:47,8,0,0
BRDA:47,8,1,0
BRDA:53,9,0,0
BRDA:53,9,1,0
BRDA:59,10,0,0
BRDA:59,10,1,0
BRDA:65,11,0,1
BRDA:65,11,1,0
BRDA:72,12,0,1
BRDA:72,12,1,0
BRDA:79,13,0,0
BRDA:79,13,1,1
BRDA:85,14,0,1
BRDA:85,14,1,0
BRDA:92,15,0,0
BRDA:92,15,1,0
BRDA:99,16,0,0
BRDA:99,16,1,0
BRDA:108,17,0,0
BRDA:108,17,1,0
BRF:36
BRH:14
end_of_record
TN:
SF:/home/zerh/projects/project_sirene/entreprise.data.gouv.fr/src/components/mixins/formating.js
FN:1,concatNames
FNF:1
FNH:1
FNDA:1,concatNames
DA:2,1
DA:4,1
DA:5,0
DA:7,1
DA:10,0
DA:11,0
DA:13,0
LF:7
LH:3
BRDA:4,0,0,0
BRDA:4,0,1,1
BRDA:10,1,0,0
BRDA:10,1,1,0
BRF:4
BRH:1
end_of_record
TN:
SF:/home/zerh/projects/project_sirene/entreprise.data.gouv.fr/src/components/mixins/mapOtherMarkers.js
FN:13,(anonymous_0)
FN:15,(anonymous_1)
FN:21,(anonymous_2)
FN:25,(anonymous_3)
FN:34,(anonymous_4)
FN:95,(anonymous_5)
FNF:6
FNH:1
FNDA:0,(anonymous_0)
FNDA:0,(anonymous_1)
FNDA:1,(anonymous_2)
FNDA:0,(anonymous_3)
FNDA:0,(anonymous_4)
FNDA:0,(anonymous_5)
DA:8,2
DA:14,0
DA:15,0
DA:16,0
DA:17,0
DA:18,0
DA:22,1
DA:23,1
DA:26,0
DA:35,0
DA:36,0
DA:37,0
DA:40,0
DA:64,0
DA:80,0
DA:94,0
DA:95,0
DA:96,0
DA:99,0
DA:100,0
DA:102,0
DA:103,0
DA:106,0
DA:110,2
DA:113,0
LF:25
LH:4
BRDA:99,0,0,0
BRDA:99,0,1,0
BRF:2
BRH:0
end_of_record
TN:
SF:/home/zerh/projects/project_sirene/entreprise.data.gouv.fr/src/components/mixins/regExps.js
FN:3,(anonymous_0)
FN:9,(anonymous_1)
FN:14,(anonymous_2)
FN:19,(anonymous_3)
FN:30,(anonymous_4)
FN:35,(anonymous_5)
FN:132,(anonymous_6)
FNF:7
FNH:7
FNDA:23,(anonymous_0)
FNDA:22,(anonymous_1)
FNDA:57,(anonymous_2)
FNDA:5,(anonymous_3)
FNDA:20,(anonymous_4)
FNDA:8,(anonymous_5)
FNDA:11,(anonymous_6)
DA:4,23
DA:5,23
DA:6,23
DA:7,23
DA:10,22
DA:11,22
DA:12,22
DA:15,57
DA:16,57
DA:17,57
DA:20,5
DA:21,1
DA:22,4
DA:23,1
DA:24,3
DA:25,2
DA:27,1
DA:31,20
DA:36,8
DA:124,8
DA:125,8
DA:126,688
DA:127,688
DA:128,7000
DA:132,8
DA:133,11
LF:26
LH:26
BRDA:7,0,0,23
BRDA:7,0,1,22
BRDA:7,0,2,17
BRDA:12,1,0,22
BRDA:12,1,1,21
BRDA:17,2,0,57
BRDA:17,2,1,22
BRDA:20,3,0,1
BRDA:20,3,1,4
BRDA:22,4,0,1
BRDA:22,4,1,3
BRDA:24,5,0,2
BRDA:24,5,1,1
BRDA:133,6,0,11
BRDA:133,6,1,0
BRF:15
BRH:14
end_of_record
TN:
SF:/home/zerh/projects/project_sirene/entreprise.data.gouv.fr/src/components/mixins/suggestionsHelpers.js
FN:13,(anonymous_0)
FN:25,(anonymous_1)
FN:39,(anonymous_2)
FN:42,(anonymous_3)
FN:48,(anonymous_4)
FN:51,(anonymous_5)
FN:54,(anonymous_6)
FN:57,(anonymous_7)
FN:62,(anonymous_8)
FN:67,(anonymous_9)
FN:71,(anonymous_10)
FNF:11
FNH:3
FNDA:3,(anonymous_0)
FNDA:0,(anonymous_1)
FNDA:0,(anonymous_2)
FNDA:2,(anonymous_3)
FNDA:3,(anonymous_4)
FNDA:0,(anonymous_5)
FNDA:0,(anonymous_6)
FNDA:0,(anonymous_7)
FNDA:0,(anonymous_8)
FNDA:0,(anonymous_9)
FNDA:0,(anonymous_10)
DA:3,3
DA:14,3
DA:15,3
DA:16,0
DA:17,0
DA:19,0
DA:21,3
DA:26,0
DA:27,0
DA:28,0
DA:30,0
DA:31,0
DA:33,0
DA:40,0
DA:43,2
DA:44,1
DA:46,1
DA:49,3
DA:52,0
DA:55,0
DA:58,0
DA:59,0
DA:63,0
DA:64,0
DA:68,0
DA:69,0
DA:72,0
DA:75,0
LF:28
LH:8
BRDA:15,0,0,0
BRDA:15,0,1,3
BRDA:15,1,0,3
BRDA:15,1,1,3
BRDA:16,2,0,0
BRDA:16,2,1,0
BRDA:27,3,0,0
BRDA:27,3,1,0
BRDA:30,4,0,0
BRDA:30,4,1,0
BRDA:43,5,0,1
BRDA:43,5,1,1
BRDA:49,6,0,3
BRDA:49,6,1,2
BRDA:58,7,0,0
BRDA:58,7,1,0
BRDA:63,8,0,0
BRDA:63,8,1,0
BRF:18
BRH:7
end_of_record
TN:
SF:/home/zerh/projects/project_sirene/entreprise.data.gouv.fr/src/components/results/ResultsDidYouMean.vue
FN:13,data
FN:19,didYouMean
FN:28,didYouMeanSearch
FNF:3
FNH:2
FNDA:1,data
FNDA:1,didYouMean
FNDA:0,didYouMeanSearch
DA:14,1
DA:20,1
DA:21,0
DA:22,1
DA:23,0
DA:29,0
DA:30,0
LF:7
LH:3
BRDA:20,0,0,0
BRDA:20,0,1,1
BRDA:22,1,0,0
BRDA:22,1,1,1
BRF:4
BRH:2
end_of_record
TN:
SF:/home/zerh/projects/project_sirene/entreprise.data.gouv.fr/src/components/results/ResultsPaginateModule.vue
FN:25,data
FN:31,selectPage
FN:40,totalPageNumber
FNF:3
FNH:0
FNDA:0,data
FNDA:0,selectPage
FNDA:0,totalPageNumber
DA:17,2
DA:18,2
DA:20,2
DA:26,0
DA:32,0
DA:33,0
DA:34,0
DA:36,0
DA:41,0
LF:9
LH:3
BRDA:32,0,0,0
BRDA:32,0,1,0
BRF:2
BRH:0
end_of_record
TN:
SF:/home/zerh/projects/project_sirene/entreprise.data.gouv.fr/src/components/results/ResultsRNA.vue
FN:24,data
FN:33,isSearchNotEmpty
FN:36,storedResultsAssociations
FN:39,numberResults
FN:42,showNoResultMessage
FN:45,resultsNumberSentence
FNF:6
FNH:0
FNDA:0,data
FNDA:0,isSearchNotEmpty
FNDA:0,storedResultsAssociations
FNDA:0,numberResults
FNDA:0,showNoResultMessage
FNDA:0,resultsNumberSentence
DA:19,2
DA:20,2
DA:25,0
DA:34,0
DA:37,0
DA:40,0
DA:43,0
DA:46,0
DA:47,0
DA:49,0
DA:50,0
LF:11
LH:2
BRDA:46,0,0,0
BRDA:46,0,1,0
BRDA:49,1,0,0
BRDA:49,1,1,0
BRF:4
BRH:0
end_of_record
TN:
SF:/home/zerh/projects/project_sirene/entreprise.data.gouv.fr/src/components/results/ResultsSirene.vue
FN:26,data
FN:36,resultsAreLoading
FN:39,isSearchNotEmpty
FN:42,storedResultsEntreprises
FN:45,numberResults
FN:48,resultsNumberSentence
FN:55,noResults
FNF:7
FNH:0
FNDA:0,data
FNDA:0,resultsAreLoading
FNDA:0,isSearchNotEmpty
FNDA:0,storedResultsEntreprises
FNDA:0,numberResults
FNDA:0,resultsNumberSentence
FNDA:0,noResults
DA:20,2
DA:21,2
DA:22,2
DA:27,0
DA:37,0
DA:40,0
DA:43,0
DA:46,0
DA:49,0
DA:50,0
DA:52,0
DA:53,0
DA:56,0
DA:57,0
DA:59,0
LF:15
LH:3
BRDA:49,0,0,0
BRDA:49,0,1,0
BRDA:52,1,0,0
BRDA:52,1,1,0
BRDA:56,2,0,0
BRDA:56,2,1,0
BRDA:56,3,0,0
BRDA:56,3,1,0
BRF:8
BRH:0
end_of_record
TN:
SF:/home/zerh/projects/project_sirene/entreprise.data.gouv.fr/src/components/search/SearchBar.vue
FN:36,get
FN:39,set
FN:50,isSearchNotEmpty
FN:55,(anonymous_5)
FN:71,requestSearch
FN:82,requestFullTextSearch
FN:94,beforeDestroy
FNF:7
FNH:2
FNDA:3,get
FNDA:0,set
FNDA:0,isSearchNotEmpty
FNDA:3,(anonymous_5)
FNDA:0,requestSearch
FNDA:0,requestFullTextSearch
FNDA:0,beforeDestroy
DA:27,3
DA:28,3
DA:29,3
DA:37,3
DA:40,0
DA:41,0
DA:43,0
DA:44,0
DA:45,0
DA:47,0
DA:51,0
DA:55,6
DA:56,0
DA:58,0
DA:60,0
DA:61,0
DA:64,0
DA:67,0
DA:68,0
DA:72,0
DA:74,0
DA:75,0
DA:76,0
DA:78,0
DA:80,0
DA:83,0
DA:84,0
DA:85,0
DA:87,0
DA:88,0
DA:90,0
DA:91,0
DA:95,0
LF:33
LH:5
BRDA:40,0,0,0
BRDA:40,0,1,0
BRDA:43,1,0,0
BRDA:43,1,1,0
BRDA:43,2,0,0
BRDA:43,2,1,0
BRDA:55,3,0,0
BRDA:55,3,1,0
BRDA:55,3,2,0
BRDA:60,4,0,0
BRDA:60,4,1,0
BRDA:67,5,0,0
BRDA:67,5,1,0
BRDA:74,6,0,0
BRDA:74,6,1,0
BRDA:84,7,0,0
BRDA:84,7,1,0
BRF:17
BRH:0
end_of_record
TN:
SF:/home/zerh/projects/project_sirene/entreprise.data.gouv.fr/src/store/modules/application.js
FN:19,(anonymous_1)
FN:20,(anonymous_2)
FN:21,(anonymous_3)
FN:24,(anonymous_4)
FN:25,(anonymous_5)
FN:26,(anonymous_6)
FN:34,fullTextLoading
FN:37,fullTextError
FN:38,(anonymous_9)
FN:40,fullTextRNAError
FN:43,fullTextSireneError
FN:55,mainAPISLoading
FN:58,mainAPISError
FN:59,(anonymous_14)
FN:61,mainAPISNotFound
FN:62,(anonymous_16)
FN:69,additionalAPILoading
FN:70,(anonymous_18)
FN:74,additionalAPIAvailable
FN:75,(anonymous_20)
FN:79,additionalAPIError
FN:80,(anonymous_22)
FN:84,additionalAPINotWorking
FN:85,(anonymous_24)
FN:89,additionalAPINotFound
FN:90,(anonymous_26)
FN:95,isWelcomeTextVisible
FN:103,setLoadingFullText
FN:106,(anonymous_29)
FN:103,setLoadingMainAPI
FN:113,(anonymous_31)
FN:103,setLoadingAdditionalAPI
FN:120,(anonymous_33)
FN:103,setStatusFullText
FN:127,(anonymous_35)
FN:103,setStatusMainAPI
FN:134,(anonymous_37)
FN:103,setStatusAdditionalAPI
FN:141,(anonymous_39)
FN:148,clearAllStatus
FN:148,resetApplicationState
FN:148,goToClearedHomePage
FNF:42
FNH:0
FNDA:0,(anonymous_1)
FNDA:0,(anonymous_2)
FNDA:0,(anonymous_3)
FNDA:0,(anonymous_4)
FNDA:0,(anonymous_5)
FNDA:0,(anonymous_6)
FNDA:0,fullTextLoading
FNDA:0,fullTextError
FNDA:0,(anonymous_9)
FNDA:0,fullTextRNAError
FNDA:0,fullTextSireneError
FNDA:0,mainAPISLoading
FNDA:0,mainAPISError
FNDA:0,(anonymous_14)
FNDA:0,mainAPISNotFound
FNDA:0,(anonymous_16)
FNDA:0,additionalAPILoading
FNDA:0,(anonymous_18)
FNDA:0,additionalAPIAvailable
FNDA:0,(anonymous_20)
FNDA:0,additionalAPIError
FNDA:0,(anonymous_22)
FNDA:0,additionalAPINotWorking
FNDA:0,(anonymous_24)
FNDA:0,additionalAPINotFound
FNDA:0,(anonymous_26)
FNDA:0,isWelcomeTextVisible
FNDA:0,setLoadingFullText
FNDA:0,(anonymous_29)
FNDA:0,setLoadingMainAPI
FNDA:0,(anonymous_31)
FNDA:0,setLoadingAdditionalAPI
FNDA:0,(anonymous_33)
FNDA:0,setStatusFullText
FNDA:0,(anonymous_35)
FNDA:0,setStatusMainAPI
FNDA:0,(anonymous_37)
FNDA:0,setStatusAdditionalAPI
FNDA:0,(anonymous_39)
FNDA:0,clearAllStatus
FNDA:0,resetApplicationState
FNDA:0,goToClearedHomePage
DA:2,0
DA:3,0
DA:4,0
DA:5,0
DA:6,0
DA:7,0
DA:8,0
DA:11,0
DA:13,0
DA:14,0
DA:15,0
DA:17,0
DA:19,0
DA:20,0
DA:21,0
DA:24,0
DA:25,0
DA:26,0
DA:30,0
DA:35,0
DA:38,0
DA:41,0
DA:44,0
DA:56,0
DA:59,0
DA:62,0
DA:70,0
DA:71,0
DA:75,0
DA:76,0
DA:80,0
DA:81,0
DA:85,0
DA:86,0
DA:90,0
DA:91,0
DA:96,0
DA:97,0
DA:99,0
DA:103,0
DA:104,0
DA:105,0
DA:106,0
DA:108,0
DA:111,0
DA:112,0
DA:113,0
DA:115,0
DA:118,0
DA:119,0
DA:120,0
DA:122,0
DA:125,0
DA:126,0
DA:127,0
DA:129,0
DA:132,0
DA:133,0
DA:134,0
DA:136,0
DA:139,0
DA:140,0
DA:141,0
DA:143,0
DA:148,0
DA:150,0
DA:151,0
DA:152,0
DA:155,0
DA:156,0
DA:157,0
DA:158,0
DA:159,0
DA:162,0
DA:163,0
DA:164,0
LF:76
LH:0
BRDA:96,0,0,0
BRDA:96,0,1,0
BRDA:105,1,0,0
BRDA:105,1,1,0
BRDA:112,2,0,0
BRDA:112,2,1,0
BRDA:119,3,0,0
BRDA:119,3,1,0
BRDA:126,4,0,0
BRDA:126,4,1,0
BRDA:133,5,0,0
BRDA:133,5,1,0
BRDA:140,6,0,0
BRDA:140,6,1,0
BRF:14
BRH:0
end_of_record
TN:
SF:/home/zerh/projects/project_sirene/entreprise.data.gouv.fr/src/store/modules/results.js
FN:17,sireneAvailable
FN:23,RNAAvailable
FN:29,storedSpellcheckSirene
FN:35,storedSpellcheckRNA
FN:41,fullTextResultsSirene
FN:47,fullTextResultsRNA
FN:53,singlePageEtablissementSirene
FN:59,singlePageEtablissementRNA
FN:65,numberResultsFullTextSirene
FN:72,numberResultsFullTextRNA
FN:79,totalPageNumberSirene
FN:86,totalPageNumberRNA
FN:95,setFullTextResults
FN:95,clearFullTextResults
FN:95,setSinglePageResults
FN:121,setResponseFullText
FN:121,setResponseEtablissement
FNF:17
FNH:0
FNDA:0,sireneAvailable
FNDA:0,RNAAvailable
FNDA:0,storedSpellcheckSirene
FNDA:0,storedSpellcheckRNA
FNDA:0,fullTextResultsSirene
FNDA:0,fullTextResultsRNA
FNDA:0,singlePageEtablissementSirene
FNDA:0,singlePageEtablissementRNA
FNDA:0,numberResultsFullTextSirene
FNDA:0,numberResultsFullTextRNA
FNDA:0,totalPageNumberSirene
FNDA:0,totalPageNumberRNA
FNDA:0,setFullTextResults
FNDA:0,clearFullTextResults
FNDA:0,setSinglePageResults
FNDA:0,setResponseFullText
FNDA:0,setResponseEtablissement
DA:3,0
DA:5,0
DA:16,0
DA:18,0
DA:19,0
DA:21,0
DA:24,0
DA:25,0
DA:27,0
DA:30,0
DA:31,0
DA:33,0
DA:36,0
DA:37,0
DA:39,0
DA:42,0
DA:43,0
DA:45,0
DA:48,0
DA:49,0
DA:51,0
DA:54,0
DA:55,0
DA:57,0
DA:60,0
DA:61,0
DA:63,0
DA:66,0
DA:67,0
DA:69,0
DA:73,0
DA:74,0
DA:76,0
DA:80,0
DA:81,0
DA:83,0
DA:87,0
DA:88,0
DA:90,0
DA:95,0
DA:96,0
DA:97,0
DA:100,0
DA:101,0
DA:106,0
DA:109,0
DA:110,0
DA:111,0
DA:115,0
DA:117,0
DA:121,0
DA:122,0
DA:123,0
DA:124,0
DA:126,0
DA:127,0
DA:128,0
DA:129,0
DA:131,0
LF:59
LH:0
BRDA:18,0,0,0
BRDA:18,0,1,0
BRDA:24,1,0,0
BRDA:24,1,1,0
BRDA:30,2,0,0
BRDA:30,2,1,0
BRDA:36,3,0,0
BRDA:36,3,1,0
BRDA:42,4,0,0
BRDA:42,4,1,0
BRDA:48,5,0,0
BRDA:48,5,1,0
BRDA:54,6,0,0
BRDA:54,6,1,0
BRDA:60,7,0,0
BRDA:60,7,1,0
BRDA:66,8,0,0
BRDA:66,8,1,0
BRDA:73,9,0,0
BRDA:73,9,1,0
BRDA:80,10,0,0
BRDA:80,10,1,0
BRDA:80,11,0,0
BRDA:80,11,1,0
BRDA:87,12,0,0
BRDA:87,12,1,0
BRDA:87,13,0,0
BRDA:87,13,1,0
BRDA:100,14,0,0
BRDA:100,14,1,0
BRDA:110,15,0,0
BRDA:110,15,1,0
BRDA:128,16,0,0
BRDA:128,16,1,0
BRF:34
BRH:0
end_of_record
TN:
SF:/home/zerh/projects/project_sirene/entreprise.data.gouv.fr/src/store/modules/resultsAdditionalInfos.js
FN:13,RNMAvailable
FN:19,RNCSData
FN:25,RNCSError
FN:30,RNMData
FN:39,setAdditionalInfos
FN:42,clearAdditionalInfos
FN:55,(anonymous_7)
FN:55,_callee$
FN:55,setResponseAdditionalInfo
FNF:9
FNH:0
FNDA:0,RNMAvailable
FNDA:0,RNCSData
FNDA:0,RNCSError
FNDA:0,RNMData
FNDA:0,setAdditionalInfos
FNDA:0,clearAdditionalInfos
FNDA:0,(anonymous_7)
FNDA:0,_callee$
FNDA:0,setResponseAdditionalInfo
DA:3,0
DA:5,0
DA:12,0
DA:14,0
DA:15,0
DA:17,0
DA:20,0
DA:21,0
DA:23,0
DA:26,0
DA:27,0
DA:31,0
DA:32,0
DA:34,0
DA:38,0
DA:39,0
DA:40,0
DA:43,0
DA:44,0
DA:50,0
DA:55,0
DA:57,0
DA:58,0
DA:62,0
DA:63,0
DA:64,0
LF:26
LH:0
BRDA:14,0,0,0
BRDA:14,0,1,0
BRDA:20,1,0,0
BRDA:20,1,1,0
BRDA:26,2,0,0
BRDA:26,2,1,0
BRDA:31,3,0,0
BRDA:31,3,1,0
BRDA:43,4,0,0
BRDA:43,4,1,0
BRDA:55,5,0,0
BRDA:55,5,1,0
BRDA:55,5,2,0
BRDA:62,6,0,0
BRDA:62,6,1,0
BRDA:62,7,0,0
BRDA:62,7,1,0
BRF:17
BRH:0
end_of_record
TN:
SF:/home/zerh/projects/project_sirene/entreprise.data.gouv.fr/src/store/modules/resultsSiren.js
FN:10,storedSirenSiege
FN:16,storedSirenTotalResults
FN:22,storedSirenChildren
FN:29,setSirenResults
FN:29,clearSirenResults
FN:38,(anonymous_6)
FN:38,_callee$
FN:38,setResponseSiren
FNF:8
FNH:0
FNDA:0,storedSirenSiege
FNDA:0,storedSirenTotalResults
FNDA:0,storedSirenChildren
FNDA:0,setSirenResults
FNDA:0,clearSirenResults
FNDA:0,(anonymous_6)
FNDA:0,_callee$
FNDA:0,setResponseSiren
DA:3,0
DA:5,0
DA:9,0
DA:11,0
DA:12,0
DA:14,0
DA:17,0
DA:18,0
DA:20,0
DA:23,0
DA:24,0
DA:29,0
DA:31,0
DA:34,0
DA:38,0
DA:41,0
DA:42,0
DA:44,0
LF:18
LH:0
BRDA:11,0,0,0
BRDA:11,0,1,0
BRDA:17,1,0,0
BRDA:17,1,1,0
BRDA:23,2,0,0
BRDA:23,2,1,0
BRDA:38,3,0,0
BRDA:38,3,1,0
BRDA:38,3,2,0
BRDA:38,3,3,0
BRDA:41,4,0,0
BRDA:41,4,1,0
BRF:12
BRH:0
end_of_record
TN:
SF:/home/zerh/projects/project_sirene/entreprise.data.gouv.fr/src/store/modules/searchAdditionalInfos.js
FN:14,idAssociationFromSirene
FN:20,siretFromRNA
FN:28,(anonymous_3)
FN:28,_callee$
FN:34,(anonymous_6)
FN:37,(anonymous_7)
FN:40,(anonymous_8)
FN:28,(anonymous_10)
FN:28,(anonymous_14)
FN:28,searchAdditionalInfoSirene
FN:69,(anonymous_19)
FN:72,(anonymous_20)
FN:75,(anonymous_21)
FNF:13
FNH:0
FNDA:0,idAssociationFromSirene
FNDA:0,siretFromRNA
FNDA:0,(anonymous_3)
FNDA:0,_callee$
FNDA:0,(anonymous_6)
FNDA:0,(anonymous_7)
FNDA:0,(anonymous_8)
FNDA:0,(anonymous_10)
FNDA:0,(anonymous_14)
FNDA:0,searchAdditionalInfoSirene
FNDA:0,(anonymous_19)
FNDA:0,(anonymous_20)
FNDA:0,(anonymous_21)
DA:4,0
DA:6,0
DA:13,0
DA:15,0
DA:16,0
DA:18,0
DA:21,0
DA:22,0
DA:24,0
DA:28,0
DA:30,0
DA:31,0
DA:35,0
DA:38,0
DA:40,0
DA:51,0
DA:61,0
DA:65,0
DA:66,0
DA:68,0
DA:70,0
DA:73,0
DA:75,0
LF:23
LH:0
BRDA:15,0,0,0
BRDA:15,0,1,0
BRDA:21,1,0,0
BRDA:21,1,1,0
BRDA:28,2,0,0
BRDA:28,2,1,0
BRDA:28,2,2,0
BRDA:28,3,0,0
BRDA:28,3,1,0
BRDA:28,3,2,0
BRDA:28,3,3,0
BRDA:28,3,4,0
BRDA:28,3,5,0
BRDA:28,4,0,0
BRDA:28,4,1,0
BRF:15
BRH:0
end_of_record
TN:
SF:/home/zerh/projects/project_sirene/entreprise.data.gouv.fr/src/store/modules/searchEtablissement.js
FN:18,(anonymous_1)
FN:18,_callee$
FN:18,(anonymous_5)
FN:18,(anonymous_9)
FN:18,(anonymous_13)
FN:18,(anonymous_17)
FN:65,(anonymous_20)
FN:68,(anonymous_21)
FN:71,(anonymous_22)
FN:18,(anonymous_24)
FN:77,(anonymous_27)
FN:80,(anonymous_28)
FN:83,(anonymous_29)
FN:18,(anonymous_31)
FN:89,(anonymous_34)
FN:92,(anonymous_35)
FN:95,(anonymous_36)
FN:98,(anonymous_38)
FN:98,_callee8
FN:98,_callee8$
FN:98,sendAPIRequest
FNF:21
FNH:0
FNDA:0,(anonymous_1)
FNDA:0,_callee$
FNDA:0,(anonymous_5)
FNDA:0,(anonymous_9)
FNDA:0,(anonymous_13)
FNDA:0,(anonymous_17)
FNDA:0,(anonymous_20)
FNDA:0,(anonymous_21)
FNDA:0,(anonymous_22)
FNDA:0,(anonymous_24)
FNDA:0,(anonymous_27)
FNDA:0,(anonymous_28)
FNDA:0,(anonymous_29)
FNDA:0,(anonymous_31)
FNDA:0,(anonymous_34)
FNDA:0,(anonymous_35)
FNDA:0,(anonymous_36)
FNDA:0,(anonymous_38)
FNDA:0,_callee8
FNDA:0,_callee8$
FNDA:0,sendAPIRequest
DA:2,0
DA:3,0
DA:4,0
DA:6,0
DA:18,0
DA:21,0
DA:34,0
DA:36,0
DA:43,0
DA:50,0
DA:53,0
DA:59,0
DA:63,0
DA:66,0
DA:69,0
DA:71,0
DA:75,0
DA:78,0
DA:81,0
DA:83,0
DA:90,0
DA:93,0
DA:95,0
DA:98,0
LF:24
LH:0
BRDA:18,0,0,0
BRDA:18,0,1,0
BRDA:18,0,2,0
BRDA:18,0,3,0
BRDA:18,0,4,0
BRDA:18,0,5,0
BRDA:18,0,6,0
BRDA:18,0,7,0
BRDA:18,0,8,0
BRDA:18,0,9,0
BRDA:18,0,10,0
BRDA:18,0,11,0
BRDA:18,1,0,0
BRDA:18,1,1,0
BRDA:18,2,0,0
BRDA:18,2,1,0
BRDA:18,3,0,0
BRDA:18,3,1,0
BRDA:18,3,2,0
BRDA:18,3,3,0
BRDA:18,3,4,0
BRDA:18,4,0,0
BRDA:18,4,1,0
BRDA:18,5,0,0
BRDA:18,5,1,0
BRDA:18,5,2,0
BRDA:18,5,3,0
BRDA:18,5,4,0
BRDA:18,5,5,0
BRDA:18,6,0,0
BRDA:18,6,1,0
BRDA:18,6,2,0
BRDA:18,6,3,0
BRDA:18,7,0,0
BRDA:18,7,1,0
BRDA:18,7,2,0
BRDA:98,8,0,0
BRDA:98,8,1,0
BRDA:98,8,2,0
BRDA:98,8,3,0
BRF:40
BRH:0
end_of_record
TN:
SF:/home/zerh/projects/project_sirene/entreprise.data.gouv.fr/src/store/modules/searchFullText.js
FN:17,addressToGetFullText
FN:20,queryToGet
FN:23,pageNumberToGet
FN:26,storedFullText
FN:29,pageNumber
FN:34,setFullText
FN:34,setLastFullText
FN:34,setPage
FN:46,requestSearchFullText
FN:46,searchFullText
FN:46,(anonymous_11)
FN:46,_callee$
FN:67,(anonymous_14)
FN:70,(anonymous_15)
FN:73,(anonymous_16)
FN:46,executeSearchFullText
FNF:16
FNH:0
FNDA:0,addressToGetFullText
FNDA:0,queryToGet
FNDA:0,pageNumberToGet
FNDA:0,storedFullText
FNDA:0,pageNumber
FNDA:0,setFullText
FNDA:0,setLastFullText
FNDA:0,setPage
FNDA:0,requestSearchFullText
FNDA:0,searchFullText
FNDA:0,(anonymous_11)
FNDA:0,_callee$
FNDA:0,(anonymous_14)
FNDA:0,(anonymous_15)
FNDA:0,(anonymous_16)
FNDA:0,executeSearchFullText
DA:2,0
DA:3,0
DA:5,0
DA:16,0
DA:18,0
DA:21,0
DA:24,0
DA:27,0
DA:30,0
DA:34,0
DA:36,0
DA:39,0
DA:42,0
DA:46,0
DA:48,0
DA:54,0
DA:56,0
DA:60,0
DA:61,0
DA:65,0
DA:68,0
DA:71,0
DA:73,0
LF:23
LH:0
BRDA:46,0,0,0
BRDA:46,0,1,0
BRDA:46,0,2,0
BRF:3
BRH:0
end_of_record
TN:
SF:/home/zerh/projects/project_sirene/entreprise.data.gouv.fr/src/store/modules/suggestions.js
FN:19,(anonymous_0)
FN:20,(anonymous_1)
FN:22,(anonymous_2)
FN:26,(anonymous_3)
FNF:4
FNH:1
FNDA:0,(anonymous_0)
FNDA:0,(anonymous_1)
FNDA:0,(anonymous_2)
FNDA:1,(anonymous_3)
DA:7,1
DA:13,1
DA:15,1
DA:18,1
DA:20,0
DA:21,0
DA:23,0
DA:27,1
DA:28,1
DA:29,1
LF:10
LH:7
BRF:0
BRH:0
end_of_record
